mode: atomic
github.com/padod/spark-session-operator/api/v1alpha1/sparkinteractivesession_types.go:114.13,116.2 1 0
github.com/padod/spark-session-operator/api/v1alpha1/sparksessionpool_types.go:211.13,213.2 1 0
github.com/padod/spark-session-operator/api/v1alpha1/zz_generated.deepcopy.go:30.69,32.2 1 0
github.com/padod/spark-session-operator/api/v1alpha1/zz_generated.deepcopy.go:35.62,36.15 1 0
github.com/padod/spark-session-operator/api/v1alpha1/zz_generated.deepcopy.go:36.15,38.3 1 0
github.com/padod/spark-session-operator/api/v1alpha1/zz_generated.deepcopy.go:39.2,41.12 3 0
github.com/padod/spark-session-operator/api/v1alpha1/zz_generated.deepcopy.go:45.53,47.21 2 0
github.com/padod/spark-session-operator/api/v1alpha1/zz_generated.deepcopy.go:47.21,51.3 3 0
github.com/padod/spark-session-operator/api/v1alpha1/zz_generated.deepcopy.go:52.2,52.22 1 0
github.com/padod/spark-session-operator/api/v1alpha1/zz_generated.deepcopy.go:52.22,56.3 3 0
github.com/padod/spark-session-operator/api/v1alpha1/zz_generated.deepcopy.go:60.46,61.15 1 0
github.com/padod/spark-session-operator/api/v1alpha1/zz_generated.deepcopy.go:61.15,63.3 1 0
github.com/padod/spark-session-operator/api/v1alpha1/zz_generated.deepcopy.go:64.2,66.12 3 0
github.com/padod/spark-session-operator/api/v1alpha1/zz_generated.deepcopy.go:70.59,73.27 3 0
github.com/padod/spark-session-operator/api/v1alpha1/zz_generated.deepcopy.go:73.27,76.29 3 0
github.com/padod/spark-session-operator/api/v1alpha1/zz_generated.deepcopy.go:76.29,78.4 1 0
github.com/padod/spark-session-operator/api/v1alpha1/zz_generated.deepcopy.go:83.52,84.15 1 0
github.com/padod/spark-session-operator/api/v1alpha1/zz_generated.deepcopy.go:84.15,86.3 1 0
github.com/padod/spark-session-operator/api/v1alpha1/zz_generated.deepcopy.go:87.2,89.12 3 0
github.com/padod/spark-session-operator/api/v1alpha1/zz_generated.deepcopy.go:93.55,95.2 1 0
github.com/padod/spark-session-operator/api/v1alpha1/zz_generated.deepcopy.go:98.48,99.15 1 0
github.com/padod/spark-session-operator/api/v1alpha1/zz_generated.deepcopy.go:99.15,101.3 1 0
github.com/padod/spark-session-operator/api/v1alpha1/zz_generated.deepcopy.go:102.2,104.12 3 0
github.com/padod/spark-session-operator/api/v1alpha1/zz_generated.deepcopy.go:108.69,110.2 1 0
github.com/padod/spark-session-operator/api/v1alpha1/zz_generated.deepcopy.go:113.62,114.15 1 0
github.com/padod/spark-session-operator/api/v1alpha1/zz_generated.deepcopy.go:114.15,116.3 1 0
github.com/padod/spark-session-operator/api/v1alpha1/zz_generated.deepcopy.go:117.2,119.12 3 0
github.com/padod/spark-session-operator/api/v1alpha1/zz_generated.deepcopy.go:123.55,126.2 2 0
github.com/padod/spark-session-operator/api/v1alpha1/zz_generated.deepcopy.go:129.48,130.15 1 0
github.com/padod/spark-session-operator/api/v1alpha1/zz_generated.deepcopy.go:130.15,132.3 1 0
github.com/padod/spark-session-operator/api/v1alpha1/zz_generated.deepcopy.go:133.2,135.12 3 0
github.com/padod/spark-session-operator/api/v1alpha1/zz_generated.deepcopy.go:139.67,141.34 2 0
github.com/padod/spark-session-operator/api/v1alpha1/zz_generated.deepcopy.go:141.34,144.29 3 0
github.com/padod/spark-session-operator/api/v1alpha1/zz_generated.deepcopy.go:144.29,146.4 1 0
github.com/padod/spark-session-operator/api/v1alpha1/zz_generated.deepcopy.go:148.2,148.22 1 0
github.com/padod/spark-session-operator/api/v1alpha1/zz_generated.deepcopy.go:148.22,151.22 3 0
github.com/padod/spark-session-operator/api/v1alpha1/zz_generated.deepcopy.go:151.22,153.4 1 0
github.com/padod/spark-session-operator/api/v1alpha1/zz_generated.deepcopy.go:158.60,159.15 1 0
github.com/padod/spark-session-operator/api/v1alpha1/zz_generated.deepcopy.go:159.15,161.3 1 0
github.com/padod/spark-session-operator/api/v1alpha1/zz_generated.deepcopy.go:162.2,164.12 3 0
github.com/padod/spark-session-operator/api/v1alpha1/zz_generated.deepcopy.go:168.89,170.20 2 0
github.com/padod/spark-session-operator/api/v1alpha1/zz_generated.deepcopy.go:170.20,174.3 3 0
github.com/padod/spark-session-operator/api/v1alpha1/zz_generated.deepcopy.go:178.82,179.15 1 0
github.com/padod/spark-session-operator/api/v1alpha1/zz_generated.deepcopy.go:179.15,181.3 1 0
github.com/padod/spark-session-operator/api/v1alpha1/zz_generated.deepcopy.go:182.2,184.12 3 0
github.com/padod/spark-session-operator/api/v1alpha1/zz_generated.deepcopy.go:188.79,194.2 5 0
github.com/padod/spark-session-operator/api/v1alpha1/zz_generated.deepcopy.go:197.72,198.15 1 0
github.com/padod/spark-session-operator/api/v1alpha1/zz_generated.deepcopy.go:198.15,200.3 1 0
github.com/padod/spark-session-operator/api/v1alpha1/zz_generated.deepcopy.go:201.2,203.12 3 0
github.com/padod/spark-session-operator/api/v1alpha1/zz_generated.deepcopy.go:207.68,208.34 1 0
github.com/padod/spark-session-operator/api/v1alpha1/zz_generated.deepcopy.go:208.34,210.3 1 0
github.com/padod/spark-session-operator/api/v1alpha1/zz_generated.deepcopy.go:211.2,211.12 1 0
github.com/padod/spark-session-operator/api/v1alpha1/zz_generated.deepcopy.go:215.87,219.21 4 0
github.com/padod/spark-session-operator/api/v1alpha1/zz_generated.deepcopy.go:219.21,222.22 3 0
github.com/padod/spark-session-operator/api/v1alpha1/zz_generated.deepcopy.go:222.22,224.4 1 0
github.com/padod/spark-session-operator/api/v1alpha1/zz_generated.deepcopy.go:229.80,230.15 1 0
github.com/padod/spark-session-operator/api/v1alpha1/zz_generated.deepcopy.go:230.15,232.3 1 0
github.com/padod/spark-session-operator/api/v1alpha1/zz_generated.deepcopy.go:233.2,235.12 3 0
github.com/padod/spark-session-operator/api/v1alpha1/zz_generated.deepcopy.go:239.72,240.34 1 0
github.com/padod/spark-session-operator/api/v1alpha1/zz_generated.deepcopy.go:240.34,242.3 1 0
github.com/padod/spark-session-operator/api/v1alpha1/zz_generated.deepcopy.go:243.2,243.12 1 0
github.com/padod/spark-session-operator/api/v1alpha1/zz_generated.deepcopy.go:247.87,249.25 2 0
github.com/padod/spark-session-operator/api/v1alpha1/zz_generated.deepcopy.go:249.25,252.29 3 0
github.com/padod/spark-session-operator/api/v1alpha1/zz_generated.deepcopy.go:252.29,254.4 1 0
github.com/padod/spark-session-operator/api/v1alpha1/zz_generated.deepcopy.go:259.80,260.15 1 0
github.com/padod/spark-session-operator/api/v1alpha1/zz_generated.deepcopy.go:260.15,262.3 1 0
github.com/padod/spark-session-operator/api/v1alpha1/zz_generated.deepcopy.go:263.2,265.12 3 0
github.com/padod/spark-session-operator/api/v1alpha1/zz_generated.deepcopy.go:269.91,271.25 2 0
github.com/padod/spark-session-operator/api/v1alpha1/zz_generated.deepcopy.go:271.25,274.3 2 0
github.com/padod/spark-session-operator/api/v1alpha1/zz_generated.deepcopy.go:275.2,275.30 1 0
github.com/padod/spark-session-operator/api/v1alpha1/zz_generated.deepcopy.go:275.30,278.3 2 0
github.com/padod/spark-session-operator/api/v1alpha1/zz_generated.deepcopy.go:279.2,279.26 1 0
github.com/padod/spark-session-operator/api/v1alpha1/zz_generated.deepcopy.go:279.26,282.22 3 0
github.com/padod/spark-session-operator/api/v1alpha1/zz_generated.deepcopy.go:282.22,284.4 1 0
github.com/padod/spark-session-operator/api/v1alpha1/zz_generated.deepcopy.go:289.84,290.15 1 0
github.com/padod/spark-session-operator/api/v1alpha1/zz_generated.deepcopy.go:290.15,292.3 1 0
github.com/padod/spark-session-operator/api/v1alpha1/zz_generated.deepcopy.go:293.2,295.12 3 0
github.com/padod/spark-session-operator/api/v1alpha1/zz_generated.deepcopy.go:299.65,305.2 5 0
github.com/padod/spark-session-operator/api/v1alpha1/zz_generated.deepcopy.go:308.58,309.15 1 0
github.com/padod/spark-session-operator/api/v1alpha1/zz_generated.deepcopy.go:309.15,311.3 1 0
github.com/padod/spark-session-operator/api/v1alpha1/zz_generated.deepcopy.go:312.2,314.12 3 0
github.com/padod/spark-session-operator/api/v1alpha1/zz_generated.deepcopy.go:318.61,319.34 1 0
github.com/padod/spark-session-operator/api/v1alpha1/zz_generated.deepcopy.go:319.34,321.3 1 0
github.com/padod/spark-session-operator/api/v1alpha1/zz_generated.deepcopy.go:322.2,322.12 1 0
github.com/padod/spark-session-operator/api/v1alpha1/zz_generated.deepcopy.go:326.73,330.21 4 0
github.com/padod/spark-session-operator/api/v1alpha1/zz_generated.deepcopy.go:330.21,333.22 3 0
github.com/padod/spark-session-operator/api/v1alpha1/zz_generated.deepcopy.go:333.22,335.4 1 0
github.com/padod/spark-session-operator/api/v1alpha1/zz_generated.deepcopy.go:340.66,341.15 1 0
github.com/padod/spark-session-operator/api/v1alpha1/zz_generated.deepcopy.go:341.15,343.3 1 0
github.com/padod/spark-session-operator/api/v1alpha1/zz_generated.deepcopy.go:344.2,346.12 3 0
github.com/padod/spark-session-operator/api/v1alpha1/zz_generated.deepcopy.go:350.65,351.34 1 0
github.com/padod/spark-session-operator/api/v1alpha1/zz_generated.deepcopy.go:351.34,353.3 1 0
github.com/padod/spark-session-operator/api/v1alpha1/zz_generated.deepcopy.go:354.2,354.12 1 0
github.com/padod/spark-session-operator/api/v1alpha1/zz_generated.deepcopy.go:358.73,364.2 5 0
github.com/padod/spark-session-operator/api/v1alpha1/zz_generated.deepcopy.go:367.66,368.15 1 0
github.com/padod/spark-session-operator/api/v1alpha1/zz_generated.deepcopy.go:368.15,370.3 1 0
github.com/padod/spark-session-operator/api/v1alpha1/zz_generated.deepcopy.go:371.2,373.12 3 0
github.com/padod/spark-session-operator/api/v1alpha1/zz_generated.deepcopy.go:377.77,379.25 2 0
github.com/padod/spark-session-operator/api/v1alpha1/zz_generated.deepcopy.go:379.25,383.3 3 0
github.com/padod/spark-session-operator/api/v1alpha1/zz_generated.deepcopy.go:384.2,384.29 1 0
github.com/padod/spark-session-operator/api/v1alpha1/zz_generated.deepcopy.go:384.29,387.3 2 0
github.com/padod/spark-session-operator/api/v1alpha1/zz_generated.deepcopy.go:388.2,388.26 1 0
github.com/padod/spark-session-operator/api/v1alpha1/zz_generated.deepcopy.go:388.26,391.22 3 0
github.com/padod/spark-session-operator/api/v1alpha1/zz_generated.deepcopy.go:391.22,393.4 1 0
github.com/padod/spark-session-operator/api/v1alpha1/zz_generated.deepcopy.go:398.70,399.15 1 0
github.com/padod/spark-session-operator/api/v1alpha1/zz_generated.deepcopy.go:399.15,401.3 1 0
github.com/padod/spark-session-operator/api/v1alpha1/zz_generated.deepcopy.go:402.2,404.12 3 0
github.com/padod/spark-session-operator/cmd/main.go:54.13,59.2 2 0
github.com/padod/spark-session-operator/cmd/main.go:62.13,133.38 37 0
github.com/padod/spark-session-operator/cmd/main.go:133.38,136.3 2 0
github.com/padod/spark-session-operator/cmd/main.go:138.2,138.18 1 0
github.com/padod/spark-session-operator/cmd/main.go:138.18,140.3 1 0
github.com/padod/spark-session-operator/cmd/main.go:143.2,148.30 3 0
github.com/padod/spark-session-operator/cmd/main.go:148.30,155.3 4 0
github.com/padod/spark-session-operator/cmd/main.go:157.2,165.19 3 0
github.com/padod/spark-session-operator/cmd/main.go:165.19,167.3 1 0
github.com/padod/spark-session-operator/cmd/main.go:169.2,169.30 1 0
github.com/padod/spark-session-operator/cmd/main.go:169.30,176.3 4 0
github.com/padod/spark-session-operator/cmd/main.go:178.2,186.16 2 0
github.com/padod/spark-session-operator/cmd/main.go:186.16,189.3 2 0
github.com/padod/spark-session-operator/cmd/main.go:192.2,193.16 2 0
github.com/padod/spark-session-operator/cmd/main.go:193.16,196.3 2 0
github.com/padod/spark-session-operator/cmd/main.go:199.2,205.39 1 0
github.com/padod/spark-session-operator/cmd/main.go:205.39,208.3 2 0
github.com/padod/spark-session-operator/cmd/main.go:209.2,214.39 1 0
github.com/padod/spark-session-operator/cmd/main.go:214.39,217.3 2 0
github.com/padod/spark-session-operator/cmd/main.go:220.2,220.69 1 0
github.com/padod/spark-session-operator/cmd/main.go:220.69,223.3 2 0
github.com/padod/spark-session-operator/cmd/main.go:224.2,224.67 1 0
github.com/padod/spark-session-operator/cmd/main.go:224.67,227.3 2 0
github.com/padod/spark-session-operator/cmd/main.go:234.2,234.48 1 0
github.com/padod/spark-session-operator/cmd/main.go:234.48,237.3 2 0
github.com/padod/spark-session-operator/cmd/main.go:238.2,238.24 1 0
github.com/padod/spark-session-operator/cmd/main.go:238.24,240.3 1 0
github.com/padod/spark-session-operator/cmd/main.go:243.2,252.16 2 0
github.com/padod/spark-session-operator/cmd/main.go:252.16,255.3 2 0
github.com/padod/spark-session-operator/cmd/main.go:261.2,267.73 2 0
github.com/padod/spark-session-operator/cmd/main.go:267.73,269.3 1 0
github.com/padod/spark-session-operator/cmd/main.go:269.18,272.3 2 0
github.com/padod/spark-session-operator/cmd/main.go:274.2,275.27 2 0
github.com/padod/spark-session-operator/cmd/main.go:275.27,277.74 2 0
github.com/padod/spark-session-operator/cmd/main.go:277.74,279.4 1 0
github.com/padod/spark-session-operator/cmd/main.go:279.19,282.4 2 0
github.com/padod/spark-session-operator/cmd/main.go:284.2,284.28 1 0
github.com/padod/spark-session-operator/cmd/main.go:284.28,286.74 2 0
github.com/padod/spark-session-operator/cmd/main.go:286.74,288.4 1 0
github.com/padod/spark-session-operator/cmd/main.go:288.19,291.4 2 0
github.com/padod/spark-session-operator/cmd/main.go:294.2,295.61 2 0
github.com/padod/spark-session-operator/cmd/main.go:295.61,298.3 2 0
github.com/padod/spark-session-operator/internal/auth/jwks.go:72.88,79.2 1 17
github.com/padod/spark-session-operator/internal/auth/jwks.go:85.81,86.37 1 8
github.com/padod/spark-session-operator/internal/auth/jwks.go:86.37,88.3 1 0
github.com/padod/spark-session-operator/internal/auth/jwks.go:89.2,89.43 1 8
github.com/padod/spark-session-operator/internal/auth/jwks.go:89.43,91.3 1 0
github.com/padod/spark-session-operator/internal/auth/jwks.go:92.2,95.9 4 8
github.com/padod/spark-session-operator/internal/auth/jwks.go:95.9,97.3 1 1
github.com/padod/spark-session-operator/internal/auth/jwks.go:98.2,98.15 1 7
github.com/padod/spark-session-operator/internal/auth/jwks.go:102.61,105.62 3 8
github.com/padod/spark-session-operator/internal/auth/jwks.go:105.62,107.3 1 8
github.com/padod/spark-session-operator/internal/auth/jwks.go:108.2,109.14 2 0
github.com/padod/spark-session-operator/internal/auth/jwks.go:114.60,115.64 1 8
github.com/padod/spark-session-operator/internal/auth/jwks.go:115.64,117.3 1 8
github.com/padod/spark-session-operator/internal/auth/jwks.go:118.2,118.12 1 8
github.com/padod/spark-session-operator/internal/auth/jwks.go:121.58,123.16 2 8
github.com/padod/spark-session-operator/internal/auth/jwks.go:123.16,125.3 1 0
github.com/padod/spark-session-operator/internal/auth/jwks.go:126.2,127.16 2 8
github.com/padod/spark-session-operator/internal/auth/jwks.go:127.16,129.3 1 0
github.com/padod/spark-session-operator/internal/auth/jwks.go:130.2,135.12 6 8
github.com/padod/spark-session-operator/internal/auth/jwks.go:140.74,144.18 4 8
github.com/padod/spark-session-operator/internal/auth/jwks.go:144.18,146.3 1 0
github.com/padod/spark-session-operator/internal/auth/jwks.go:147.2,147.31 1 8
github.com/padod/spark-session-operator/internal/auth/jwks.go:150.74,153.16 3 9
github.com/padod/spark-session-operator/internal/auth/jwks.go:153.16,155.3 1 0
github.com/padod/spark-session-operator/internal/auth/jwks.go:156.2,157.16 2 9
github.com/padod/spark-session-operator/internal/auth/jwks.go:157.16,159.3 1 0
github.com/padod/spark-session-operator/internal/auth/jwks.go:160.2,161.38 2 9
github.com/padod/spark-session-operator/internal/auth/jwks.go:161.38,163.3 1 0
github.com/padod/spark-session-operator/internal/auth/jwks.go:164.2,165.16 2 9
github.com/padod/spark-session-operator/internal/auth/jwks.go:165.16,167.3 1 0
github.com/padod/spark-session-operator/internal/auth/jwks.go:168.2,171.51 2 9
github.com/padod/spark-session-operator/internal/auth/jwks.go:171.51,173.3 1 0
github.com/padod/spark-session-operator/internal/auth/jwks.go:174.2,174.23 1 9
github.com/padod/spark-session-operator/internal/auth/jwks.go:174.23,176.3 1 0
github.com/padod/spark-session-operator/internal/auth/jwks.go:177.2,177.66 1 9
github.com/padod/spark-session-operator/internal/auth/jwks.go:177.66,179.3 1 0
github.com/padod/spark-session-operator/internal/auth/jwks.go:180.2,180.25 1 9
github.com/padod/spark-session-operator/internal/auth/jwks.go:187.55,189.16 2 9
github.com/padod/spark-session-operator/internal/auth/jwks.go:189.16,191.3 1 0
github.com/padod/spark-session-operator/internal/auth/jwks.go:192.2,193.16 2 9
github.com/padod/spark-session-operator/internal/auth/jwks.go:193.16,195.3 1 0
github.com/padod/spark-session-operator/internal/auth/jwks.go:196.2,196.26 1 9
github.com/padod/spark-session-operator/internal/auth/jwks.go:196.26,198.3 1 0
github.com/padod/spark-session-operator/internal/auth/jwks.go:199.2,199.78 1 9
github.com/padod/spark-session-operator/internal/auth/jwks.go:199.78,201.3 1 0
github.com/padod/spark-session-operator/internal/auth/jwks.go:202.2,202.12 1 9
github.com/padod/spark-session-operator/internal/auth/jwks.go:205.92,207.16 2 8
github.com/padod/spark-session-operator/internal/auth/jwks.go:207.16,209.3 1 0
github.com/padod/spark-session-operator/internal/auth/jwks.go:210.2,211.16 2 8
github.com/padod/spark-session-operator/internal/auth/jwks.go:211.16,213.3 1 0
github.com/padod/spark-session-operator/internal/auth/jwks.go:214.2,215.38 2 8
github.com/padod/spark-session-operator/internal/auth/jwks.go:215.38,217.3 1 0
github.com/padod/spark-session-operator/internal/auth/jwks.go:218.2,219.16 2 8
github.com/padod/spark-session-operator/internal/auth/jwks.go:219.16,221.3 1 0
github.com/padod/spark-session-operator/internal/auth/jwks.go:222.2,222.24 1 8
github.com/padod/spark-session-operator/internal/auth/jwks.go:238.57,242.51 2 8
github.com/padod/spark-session-operator/internal/auth/jwks.go:242.51,244.3 1 0
github.com/padod/spark-session-operator/internal/auth/jwks.go:245.2,246.29 2 8
github.com/padod/spark-session-operator/internal/auth/jwks.go:246.29,247.36 1 8
github.com/padod/spark-session-operator/internal/auth/jwks.go:247.36,248.12 1 0
github.com/padod/spark-session-operator/internal/auth/jwks.go:250.3,251.17 2 8
github.com/padod/spark-session-operator/internal/auth/jwks.go:251.17,252.12 1 0
github.com/padod/spark-session-operator/internal/auth/jwks.go:254.3,254.55 1 8
github.com/padod/spark-session-operator/internal/auth/jwks.go:256.2,256.19 1 8
github.com/padod/spark-session-operator/internal/auth/jwks.go:256.19,258.3 1 0
github.com/padod/spark-session-operator/internal/auth/jwks.go:259.2,259.17 1 8
github.com/padod/spark-session-operator/internal/auth/jwks.go:262.54,263.15 1 8
github.com/padod/spark-session-operator/internal/auth/jwks.go:264.13,265.24 1 8
github.com/padod/spark-session-operator/internal/auth/jwks.go:266.12,267.23 1 0
github.com/padod/spark-session-operator/internal/auth/jwks.go:268.10,269.58 1 0
github.com/padod/spark-session-operator/internal/auth/jwks.go:273.57,275.16 2 8
github.com/padod/spark-session-operator/internal/auth/jwks.go:275.16,277.3 1 0
github.com/padod/spark-session-operator/internal/auth/jwks.go:278.2,279.16 2 8
github.com/padod/spark-session-operator/internal/auth/jwks.go:279.16,281.3 1 0
github.com/padod/spark-session-operator/internal/auth/jwks.go:282.2,282.36 1 8
github.com/padod/spark-session-operator/internal/auth/jwks.go:282.36,284.3 1 0
github.com/padod/spark-session-operator/internal/auth/jwks.go:285.2,285.32 1 8
github.com/padod/spark-session-operator/internal/auth/jwks.go:285.32,287.3 1 0
github.com/padod/spark-session-operator/internal/auth/jwks.go:288.2,290.15 3 8
github.com/padod/spark-session-operator/internal/auth/jwks.go:290.15,292.3 1 0
github.com/padod/spark-session-operator/internal/auth/jwks.go:293.2,293.22 1 8
github.com/padod/spark-session-operator/internal/auth/jwks.go:296.56,298.15 2 0
github.com/padod/spark-session-operator/internal/auth/jwks.go:299.15,300.26 1 0
github.com/padod/spark-session-operator/internal/auth/jwks.go:301.15,302.26 1 0
github.com/padod/spark-session-operator/internal/auth/jwks.go:303.15,304.26 1 0
github.com/padod/spark-session-operator/internal/auth/jwks.go:305.10,306.63 1 0
github.com/padod/spark-session-operator/internal/auth/jwks.go:308.2,309.16 2 0
github.com/padod/spark-session-operator/internal/auth/jwks.go:309.16,311.3 1 0
github.com/padod/spark-session-operator/internal/auth/jwks.go:312.2,313.16 2 0
github.com/padod/spark-session-operator/internal/auth/jwks.go:313.16,315.3 1 0
github.com/padod/spark-session-operator/internal/auth/jwks.go:316.2,318.15 3 0
github.com/padod/spark-session-operator/internal/auth/jwks.go:318.15,320.3 1 0
github.com/padod/spark-session-operator/internal/auth/jwks.go:321.2,321.22 1 0
github.com/padod/spark-session-operator/internal/auth/jwks.go:324.50,326.16 2 16
github.com/padod/spark-session-operator/internal/auth/jwks.go:326.16,328.3 1 0
github.com/padod/spark-session-operator/internal/auth/jwks.go:329.2,329.38 1 16
github.com/padod/spark-session-operator/internal/auth/token.go:99.63,100.48 1 21
github.com/padod/spark-session-operator/internal/auth/token.go:100.48,101.59 1 12
github.com/padod/spark-session-operator/internal/auth/token.go:101.59,103.4 1 0
github.com/padod/spark-session-operator/internal/auth/token.go:105.2,106.25 2 21
github.com/padod/spark-session-operator/internal/auth/token.go:106.25,108.3 1 17
github.com/padod/spark-session-operator/internal/auth/token.go:109.2,109.15 1 21
github.com/padod/spark-session-operator/internal/auth/token.go:118.49,120.16 2 12
github.com/padod/spark-session-operator/internal/auth/token.go:120.16,122.3 1 0
github.com/padod/spark-session-operator/internal/auth/token.go:123.2,123.18 1 12
github.com/padod/spark-session-operator/internal/auth/token.go:123.18,125.3 1 0
github.com/padod/spark-session-operator/internal/auth/token.go:126.2,126.25 1 12
github.com/padod/spark-session-operator/internal/auth/token.go:126.25,128.3 1 0
github.com/padod/spark-session-operator/internal/auth/token.go:129.2,129.56 1 12
github.com/padod/spark-session-operator/internal/auth/token.go:129.56,131.3 1 12
github.com/padod/spark-session-operator/internal/auth/token.go:132.2,132.111 1 0
github.com/padod/spark-session-operator/internal/auth/token.go:135.39,136.25 1 12
github.com/padod/spark-session-operator/internal/auth/token.go:136.25,138.3 1 0
github.com/padod/spark-session-operator/internal/auth/token.go:139.2,139.40 1 12
github.com/padod/spark-session-operator/internal/auth/token.go:139.40,141.3 1 12
github.com/padod/spark-session-operator/internal/auth/token.go:142.2,142.14 1 0
github.com/padod/spark-session-operator/internal/auth/token.go:145.41,148.69 1 22
github.com/padod/spark-session-operator/internal/auth/token.go:148.69,150.4 1 2
github.com/padod/spark-session-operator/internal/auth/token.go:162.44,165.69 1 18
github.com/padod/spark-session-operator/internal/auth/token.go:165.69,166.40 1 5
github.com/padod/spark-session-operator/internal/auth/token.go:166.40,168.5 1 1
github.com/padod/spark-session-operator/internal/auth/token.go:169.4,169.55 1 4
github.com/padod/spark-session-operator/internal/auth/token.go:169.55,171.5 1 1
github.com/padod/spark-session-operator/internal/auth/token.go:172.4,172.14 1 3
github.com/padod/spark-session-operator/internal/auth/token.go:183.120,184.29 1 5
github.com/padod/spark-session-operator/internal/auth/token.go:184.29,185.21 1 2
github.com/padod/spark-session-operator/internal/auth/token.go:185.21,187.4 1 1
github.com/padod/spark-session-operator/internal/auth/token.go:188.3,188.44 1 1
github.com/padod/spark-session-operator/internal/auth/token.go:191.2,192.16 2 3
github.com/padod/spark-session-operator/internal/auth/token.go:192.16,194.3 1 2
github.com/padod/spark-session-operator/internal/auth/token.go:195.2,195.31 1 1
github.com/padod/spark-session-operator/internal/auth/token.go:198.102,207.33 3 3
github.com/padod/spark-session-operator/internal/auth/token.go:207.33,209.3 1 0
github.com/padod/spark-session-operator/internal/auth/token.go:211.2,212.16 2 3
github.com/padod/spark-session-operator/internal/auth/token.go:212.16,214.3 1 0
github.com/padod/spark-session-operator/internal/auth/token.go:215.2,218.16 3 3
github.com/padod/spark-session-operator/internal/auth/token.go:218.16,220.3 1 0
github.com/padod/spark-session-operator/internal/auth/token.go:221.2,224.16 3 3
github.com/padod/spark-session-operator/internal/auth/token.go:224.16,226.3 1 0
github.com/padod/spark-session-operator/internal/auth/token.go:228.2,228.38 1 3
github.com/padod/spark-session-operator/internal/auth/token.go:228.38,230.3 1 2
github.com/padod/spark-session-operator/internal/auth/token.go:232.2,235.57 2 1
github.com/padod/spark-session-operator/internal/auth/token.go:235.57,237.3 1 0
github.com/padod/spark-session-operator/internal/auth/token.go:238.2,238.33 1 1
github.com/padod/spark-session-operator/internal/auth/token.go:238.33,240.3 1 0
github.com/padod/spark-session-operator/internal/auth/token.go:241.2,241.35 1 1
github.com/padod/spark-session-operator/internal/auth/token.go:255.78,256.29 1 17
github.com/padod/spark-session-operator/internal/auth/token.go:256.29,258.3 1 6
github.com/padod/spark-session-operator/internal/auth/token.go:259.2,259.19 1 11
github.com/padod/spark-session-operator/internal/auth/token.go:259.19,261.3 1 1
github.com/padod/spark-session-operator/internal/auth/token.go:262.2,262.38 1 10
github.com/padod/spark-session-operator/internal/auth/token.go:265.79,271.29 2 10
github.com/padod/spark-session-operator/internal/auth/token.go:271.29,273.3 1 9
github.com/padod/spark-session-operator/internal/auth/token.go:275.2,276.16 2 10
github.com/padod/spark-session-operator/internal/auth/token.go:276.16,278.3 1 7
github.com/padod/spark-session-operator/internal/auth/token.go:279.2,279.18 1 3
github.com/padod/spark-session-operator/internal/auth/token.go:279.18,281.3 1 0
github.com/padod/spark-session-operator/internal/auth/token.go:282.2,283.9 2 3
github.com/padod/spark-session-operator/internal/auth/token.go:283.9,285.3 1 0
github.com/padod/spark-session-operator/internal/auth/token.go:286.2,286.40 1 3
github.com/padod/spark-session-operator/internal/auth/token.go:291.72,293.15 2 8
github.com/padod/spark-session-operator/internal/auth/token.go:293.15,295.3 1 0
github.com/padod/spark-session-operator/internal/auth/token.go:296.2,299.16 4 8
github.com/padod/spark-session-operator/internal/auth/token.go:299.16,301.3 1 1
github.com/padod/spark-session-operator/internal/auth/token.go:302.2,302.48 1 7
github.com/padod/spark-session-operator/internal/auth/token.go:302.48,304.3 1 0
github.com/padod/spark-session-operator/internal/auth/token.go:305.2,305.19 1 7
github.com/padod/spark-session-operator/internal/auth/token.go:314.80,317.16 3 6
github.com/padod/spark-session-operator/internal/auth/token.go:317.16,319.3 1 0
github.com/padod/spark-session-operator/internal/auth/token.go:320.2,321.9 2 6
github.com/padod/spark-session-operator/internal/auth/token.go:321.9,323.3 1 0
github.com/padod/spark-session-operator/internal/auth/token.go:324.2,324.46 1 6
github.com/padod/spark-session-operator/internal/auth/token.go:324.46,326.3 1 4
github.com/padod/spark-session-operator/internal/auth/token.go:327.2,327.40 1 2
github.com/padod/spark-session-operator/internal/auth/token.go:333.65,334.30 1 6
github.com/padod/spark-session-operator/internal/auth/token.go:334.30,337.48 3 5
github.com/padod/spark-session-operator/internal/auth/token.go:337.48,339.4 1 1
github.com/padod/spark-session-operator/internal/auth/token.go:340.3,340.46 1 4
github.com/padod/spark-session-operator/internal/auth/token.go:340.46,342.4 1 2
github.com/padod/spark-session-operator/internal/auth/token.go:344.2,344.84 1 3
github.com/padod/spark-session-operator/internal/auth/token.go:344.84,346.3 1 1
github.com/padod/spark-session-operator/internal/auth/token.go:347.2,347.12 1 2
github.com/padod/spark-session-operator/internal/auth/token.go:350.47,352.16 2 4
github.com/padod/spark-session-operator/internal/auth/token.go:352.16,354.3 1 0
github.com/padod/spark-session-operator/internal/auth/token.go:355.2,355.18 1 4
github.com/padod/spark-session-operator/internal/auth/token.go:355.18,357.3 1 1
github.com/padod/spark-session-operator/internal/auth/token.go:358.2,359.45 2 3
github.com/padod/spark-session-operator/internal/auth/token.go:359.45,361.3 1 1
github.com/padod/spark-session-operator/internal/auth/token.go:362.2,363.16 2 2
github.com/padod/spark-session-operator/internal/auth/token.go:363.16,365.3 1 0
github.com/padod/spark-session-operator/internal/auth/token.go:366.2,366.59 1 2
github.com/padod/spark-session-operator/internal/auth/token.go:366.59,368.3 1 0
github.com/padod/spark-session-operator/internal/auth/token.go:369.2,369.12 1 2
github.com/padod/spark-session-operator/internal/auth/token.go:374.66,376.9 2 6
github.com/padod/spark-session-operator/internal/auth/token.go:376.9,378.3 1 3
github.com/padod/spark-session-operator/internal/auth/token.go:379.2,379.25 1 3
github.com/padod/spark-session-operator/internal/auth/token.go:380.15,381.23 1 3
github.com/padod/spark-session-operator/internal/auth/token.go:382.13,383.16 1 0
github.com/padod/spark-session-operator/internal/auth/token.go:384.10,385.75 1 0
github.com/padod/spark-session-operator/internal/auth/token.go:389.58,390.25 1 2
github.com/padod/spark-session-operator/internal/auth/token.go:391.14,392.19 1 2
github.com/padod/spark-session-operator/internal/auth/token.go:393.21,394.23 1 0
github.com/padod/spark-session-operator/internal/auth/token.go:394.23,395.44 1 0
github.com/padod/spark-session-operator/internal/auth/token.go:395.44,397.5 1 0
github.com/padod/spark-session-operator/internal/auth/token.go:400.2,400.14 1 0
github.com/padod/spark-session-operator/internal/auth/token.go:403.88,405.21 2 5
github.com/padod/spark-session-operator/internal/auth/token.go:405.21,407.3 1 5
github.com/padod/spark-session-operator/internal/auth/token.go:408.2,409.23 2 5
github.com/padod/spark-session-operator/internal/auth/token.go:409.23,411.3 1 5
github.com/padod/spark-session-operator/internal/auth/token.go:413.2,414.27 2 5
github.com/padod/spark-session-operator/internal/auth/token.go:414.27,416.3 1 0
github.com/padod/spark-session-operator/internal/auth/token.go:417.2,417.51 1 5
github.com/padod/spark-session-operator/internal/auth/token.go:417.51,419.3 1 0
github.com/padod/spark-session-operator/internal/auth/token.go:421.2,422.46 2 5
github.com/padod/spark-session-operator/internal/auth/token.go:422.46,423.54 1 1
github.com/padod/spark-session-operator/internal/auth/token.go:423.54,424.33 1 1
github.com/padod/spark-session-operator/internal/auth/token.go:424.33,425.33 1 2
github.com/padod/spark-session-operator/internal/auth/token.go:425.33,427.6 1 2
github.com/padod/spark-session-operator/internal/auth/token.go:431.2,431.59 1 5
github.com/padod/spark-session-operator/internal/auth/token.go:437.39,438.41 1 5
github.com/padod/spark-session-operator/internal/auth/token.go:438.41,440.3 1 0
github.com/padod/spark-session-operator/internal/auth/token.go:441.2,441.22 1 5
github.com/padod/spark-session-operator/internal/auth/token.go:441.22,442.26 1 23
github.com/padod/spark-session-operator/internal/auth/token.go:442.26,444.4 1 0
github.com/padod/spark-session-operator/internal/auth/token.go:446.2,446.12 1 5
github.com/padod/spark-session-operator/test/utils/utils.go:38.27,40.2 1 0
github.com/padod/spark-session-operator/test/utils/utils.go:43.41,47.42 3 0
github.com/padod/spark-session-operator/test/utils/utils.go:47.42,49.3 1 0
github.com/padod/spark-session-operator/test/utils/utils.go:51.2,55.16 5 0
github.com/padod/spark-session-operator/test/utils/utils.go:55.16,57.3 1 0
github.com/padod/spark-session-operator/test/utils/utils.go:59.2,59.28 1 0
github.com/padod/spark-session-operator/test/utils/utils.go:63.29,66.36 3 0
github.com/padod/spark-session-operator/test/utils/utils.go:66.36,68.3 1 0
github.com/padod/spark-session-operator/test/utils/utils.go:71.2,75.41 2 0
github.com/padod/spark-session-operator/test/utils/utils.go:75.41,78.37 2 0
github.com/padod/spark-session-operator/test/utils/utils.go:78.37,80.4 1 0
github.com/padod/spark-session-operator/test/utils/utils.go:85.33,88.36 3 0
github.com/padod/spark-session-operator/test/utils/utils.go:88.36,90.3 1 0
github.com/padod/spark-session-operator/test/utils/utils.go:93.2,100.12 3 0
github.com/padod/spark-session-operator/test/utils/utils.go:105.40,119.16 4 0
github.com/padod/spark-session-operator/test/utils/utils.go:119.16,121.3 1 0
github.com/padod/spark-session-operator/test/utils/utils.go:124.2,125.38 2 0
github.com/padod/spark-session-operator/test/utils/utils.go:125.38,126.32 1 0
github.com/padod/spark-session-operator/test/utils/utils.go:126.32,127.35 1 0
github.com/padod/spark-session-operator/test/utils/utils.go:127.35,129.5 1 0
github.com/padod/spark-session-operator/test/utils/utils.go:133.2,133.14 1 0
github.com/padod/spark-session-operator/test/utils/utils.go:137.56,139.47 2 0
github.com/padod/spark-session-operator/test/utils/utils.go:139.47,141.3 1 0
github.com/padod/spark-session-operator/test/utils/utils.go:142.2,144.39 3 0
github.com/padod/spark-session-operator/test/utils/utils.go:144.39,146.3 1 0
github.com/padod/spark-session-operator/test/utils/utils.go:147.2,149.12 3 0
github.com/padod/spark-session-operator/test/utils/utils.go:154.47,157.32 3 0
github.com/padod/spark-session-operator/test/utils/utils.go:157.32,158.20 1 0
github.com/padod/spark-session-operator/test/utils/utils.go:158.20,160.4 1 0
github.com/padod/spark-session-operator/test/utils/utils.go:163.2,163.12 1 0
github.com/padod/spark-session-operator/test/utils/utils.go:167.38,169.16 2 0
github.com/padod/spark-session-operator/test/utils/utils.go:169.16,171.3 1 0
github.com/padod/spark-session-operator/test/utils/utils.go:172.2,173.16 2 0
github.com/padod/spark-session-operator/test/utils/utils.go:178.59,182.16 2 0
github.com/padod/spark-session-operator/test/utils/utils.go:182.16,184.3 1 0
github.com/padod/spark-session-operator/test/utils/utils.go:185.2,188.13 3 0
github.com/padod/spark-session-operator/test/utils/utils.go:188.13,190.3 1 0
github.com/padod/spark-session-operator/test/utils/utils.go:192.2,194.16 3 0
github.com/padod/spark-session-operator/test/utils/utils.go:194.16,196.3 1 0
github.com/padod/spark-session-operator/test/utils/utils.go:198.2,199.21 2 0
github.com/padod/spark-session-operator/test/utils/utils.go:199.21,201.3 1 0
github.com/padod/spark-session-operator/test/utils/utils.go:202.2,202.6 1 0
github.com/padod/spark-session-operator/test/utils/utils.go:202.6,203.87 1 0
github.com/padod/spark-session-operator/test/utils/utils.go:203.87,205.4 1 0
github.com/padod/spark-session-operator/test/utils/utils.go:207.3,207.22 1 0
github.com/padod/spark-session-operator/test/utils/utils.go:207.22,208.9 1 0
github.com/padod/spark-session-operator/test/utils/utils.go:210.3,210.49 1 0
github.com/padod/spark-session-operator/test/utils/utils.go:210.49,212.4 1 0
github.com/padod/spark-session-operator/test/utils/utils.go:215.2,215.63 1 0
github.com/padod/spark-session-operator/test/utils/utils.go:215.63,217.3 1 0
github.com/padod/spark-session-operator/test/utils/utils.go:221.2,221.65 1 0
github.com/padod/spark-session-operator/test/utils/utils.go:221.65,223.3 1 0
github.com/padod/spark-session-operator/test/utils/utils.go:225.2,225.12 1 0
