mode: atomic
github.com/padod/spark-session-operator/api/v1alpha1/sparkinteractivesession_types.go:126.13,128.2 1 0
github.com/padod/spark-session-operator/api/v1alpha1/sparksessionpool_types.go:232.13,234.2 1 0
github.com/padod/spark-session-operator/api/v1alpha1/zz_generated.deepcopy.go:30.69,32.2 1 0
github.com/padod/spark-session-operator/api/v1alpha1/zz_generated.deepcopy.go:35.62,36.15 1 0
github.com/padod/spark-session-operator/api/v1alpha1/zz_generated.deepcopy.go:36.15,38.3 1 0
github.com/padod/spark-session-operator/api/v1alpha1/zz_generated.deepcopy.go:39.2,41.12 3 0
github.com/padod/spark-session-operator/api/v1alpha1/zz_generated.deepcopy.go:45.53,47.21 2 0
github.com/padod/spark-session-operator/api/v1alpha1/zz_generated.deepcopy.go:47.21,51.3 3 0
github.com/padod/spark-session-operator/api/v1alpha1/zz_generated.deepcopy.go:52.2,52.22 1 0
github.com/padod/spark-session-operator/api/v1alpha1/zz_generated.deepcopy.go:52.22,56.3 3 0
github.com/padod/spark-session-operator/api/v1alpha1/zz_generated.deepcopy.go:60.46,61.15 1 0
github.com/padod/spark-session-operator/api/v1alpha1/zz_generated.deepcopy.go:61.15,63.3 1 0
github.com/padod/spark-session-operator/api/v1alpha1/zz_generated.deepcopy.go:64.2,66.12 3 0
github.com/padod/spark-session-operator/api/v1alpha1/zz_generated.deepcopy.go:70.59,73.27 3 0
github.com/padod/spark-session-operator/api/v1alpha1/zz_generated.deepcopy.go:73.27,76.29 3 0
github.com/padod/spark-session-operator/api/v1alpha1/zz_generated.deepcopy.go:76.29,78.4 1 0
github.com/padod/spark-session-operator/api/v1alpha1/zz_generated.deepcopy.go:83.52,84.15 1 0
github.com/padod/spark-session-operator/api/v1alpha1/zz_generated.deepcopy.go:84.15,86.3 1 0
github.com/padod/spark-session-operator/api/v1alpha1/zz_generated.deepcopy.go:87.2,89.12 3 0
github.com/padod/spark-session-operator/api/v1alpha1/zz_generated.deepcopy.go:93.55,95.2 1 0
github.com/padod/spark-session-operator/api/v1alpha1/zz_generated.deepcopy.go:98.48,99.15 1 0
github.com/padod/spark-session-operator/api/v1alpha1/zz_generated.deepcopy.go:99.15,101.3 1 0
github.com/padod/spark-session-operator/api/v1alpha1/zz_generated.deepcopy.go:102.2,104.12 3 0
github.com/padod/spark-session-operator/api/v1alpha1/zz_generated.deepcopy.go:108.69,110.2 1 0
github.com/padod/spark-session-operator/api/v1alpha1/zz_generated.deepcopy.go:113.62,114.15 1 0
github.com/padod/spark-session-operator/api/v1alpha1/zz_generated.deepcopy.go:114.15,116.3 1 0
github.com/padod/spark-session-operator/api/v1alpha1/zz_generated.deepcopy.go:117.2,119.12 3 0
github.com/padod/spark-session-operator/api/v1alpha1/zz_generated.deepcopy.go:123.55,126.2 2 0
github.com/padod/spark-session-operator/api/v1alpha1/zz_generated.deepcopy.go:129.48,130.15 1 0
github.com/padod/spark-session-operator/api/v1alpha1/zz_generated.deepcopy.go:130.15,132.3 1 0
github.com/padod/spark-session-operator/api/v1alpha1/zz_generated.deepcopy.go:133.2,135.12 3 0
github.com/padod/spark-session-operator/api/v1alpha1/zz_generated.deepcopy.go:139.67,141.34 2 0
github.com/padod/spark-session-operator/api/v1alpha1/zz_generated.deepcopy.go:141.34,144.29 3 0
github.com/padod/spark-session-operator/api/v1alpha1/zz_generated.deepcopy.go:144.29,146.4 1 0
github.com/padod/spark-session-operator/api/v1alpha1/zz_generated.deepcopy.go:148.2,148.22 1 0
github.com/padod/spark-session-operator/api/v1alpha1/zz_generated.deepcopy.go:148.22,151.22 3 0
github.com/padod/spark-session-operator/api/v1alpha1/zz_generated.deepcopy.go:151.22,153.4 1 0
github.com/padod/spark-session-operator/api/v1alpha1/zz_generated.deepcopy.go:158.60,159.15 1 0
github.com/padod/spark-session-operator/api/v1alpha1/zz_generated.deepcopy.go:159.15,161.3 1 0
github.com/padod/spark-session-operator/api/v1alpha1/zz_generated.deepcopy.go:162.2,164.12 3 0
github.com/padod/spark-session-operator/api/v1alpha1/zz_generated.deepcopy.go:168.89,170.20 2 0
github.com/padod/spark-session-operator/api/v1alpha1/zz_generated.deepcopy.go:170.20,174.3 3 0
github.com/padod/spark-session-operator/api/v1alpha1/zz_generated.deepcopy.go:178.82,179.15 1 0
github.com/padod/spark-session-operator/api/v1alpha1/zz_generated.deepcopy.go:179.15,181.3 1 0
github.com/padod/spark-session-operator/api/v1alpha1/zz_generated.deepcopy.go:182.2,184.12 3 0
github.com/padod/spark-session-operator/api/v1alpha1/zz_generated.deepcopy.go:188.79,194.2 5 0
github.com/padod/spark-session-operator/api/v1alpha1/zz_generated.deepcopy.go:197.72,198.15 1 0
github.com/padod/spark-session-operator/api/v1alpha1/zz_generated.deepcopy.go:198.15,200.3 1 0
github.com/padod/spark-session-operator/api/v1alpha1/zz_generated.deepcopy.go:201.2,203.12 3 0
github.com/padod/spark-session-operator/api/v1alpha1/zz_generated.deepcopy.go:207.68,208.34 1 0
github.com/padod/spark-session-operator/api/v1alpha1/zz_generated.deepcopy.go:208.34,210.3 1 0
github.com/padod/spark-session-operator/api/v1alpha1/zz_generated.deepcopy.go:211.2,211.12 1 0
github.com/padod/spark-session-operator/api/v1alpha1/zz_generated.deepcopy.go:215.87,219.21 4 0
github.com/padod/spark-session-operator/api/v1alpha1/zz_generated.deepcopy.go:219.21,222.22 3 0
github.com/padod/spark-session-operator/api/v1alpha1/zz_generated.deepcopy.go:222.22,224.4 1 0
github.com/padod/spark-session-operator/api/v1alpha1/zz_generated.deepcopy.go:229.80,230.15 1 0
github.com/padod/spark-session-operator/api/v1alpha1/zz_generated.deepcopy.go:230.15,232.3 1 0
github.com/padod/spark-session-operator/api/v1alpha1/zz_generated.deepcopy.go:233.2,235.12 3 0
github.com/padod/spark-session-operator/api/v1alpha1/zz_generated.deepcopy.go:239.72,240.34 1 0
github.com/padod/spark-session-operator/api/v1alpha1/zz_generated.deepcopy.go:240.34,242.3 1 0
github.com/padod/spark-session-operator/api/v1alpha1/zz_generated.deepcopy.go:243.2,243.12 1 0
github.com/padod/spark-session-operator/api/v1alpha1/zz_generated.deepcopy.go:247.87,249.25 2 0
github.com/padod/spark-session-operator/api/v1alpha1/zz_generated.deepcopy.go:249.25,252.29 3 0
github.com/padod/spark-session-operator/api/v1alpha1/zz_generated.deepcopy.go:252.29,254.4 1 0
github.com/padod/spark-session-operator/api/v1alpha1/zz_generated.deepcopy.go:259.80,260.15 1 0
github.com/padod/spark-session-operator/api/v1alpha1/zz_generated.deepcopy.go:260.15,262.3 1 0
github.com/padod/spark-session-operator/api/v1alpha1/zz_generated.deepcopy.go:263.2,265.12 3 0
github.com/padod/spark-session-operator/api/v1alpha1/zz_generated.deepcopy.go:269.91,271.25 2 0
github.com/padod/spark-session-operator/api/v1alpha1/zz_generated.deepcopy.go:271.25,274.3 2 0
github.com/padod/spark-session-operator/api/v1alpha1/zz_generated.deepcopy.go:275.2,275.30 1 0
github.com/padod/spark-session-operator/api/v1alpha1/zz_generated.deepcopy.go:275.30,278.3 2 0
github.com/padod/spark-session-operator/api/v1alpha1/zz_generated.deepcopy.go:279.2,279.26 1 0
github.com/padod/spark-session-operator/api/v1alpha1/zz_generated.deepcopy.go:279.26,282.22 3 0
github.com/padod/spark-session-operator/api/v1alpha1/zz_generated.deepcopy.go:282.22,284.4 1 0
github.com/padod/spark-session-operator/api/v1alpha1/zz_generated.deepcopy.go:289.84,290.15 1 0
github.com/padod/spark-session-operator/api/v1alpha1/zz_generated.deepcopy.go:290.15,292.3 1 0
github.com/padod/spark-session-operator/api/v1alpha1/zz_generated.deepcopy.go:293.2,295.12 3 0
github.com/padod/spark-session-operator/api/v1alpha1/zz_generated.deepcopy.go:299.65,305.2 5 0
github.com/padod/spark-session-operator/api/v1alpha1/zz_generated.deepcopy.go:308.58,309.15 1 0
github.com/padod/spark-session-operator/api/v1alpha1/zz_generated.deepcopy.go:309.15,311.3 1 0
github.com/padod/spark-session-operator/api/v1alpha1/zz_generated.deepcopy.go:312.2,314.12 3 0
github.com/padod/spark-session-operator/api/v1alpha1/zz_generated.deepcopy.go:318.61,319.34 1 0
github.com/padod/spark-session-operator/api/v1alpha1/zz_generated.deepcopy.go:319.34,321.3 1 0
github.com/padod/spark-session-operator/api/v1alpha1/zz_generated.deepcopy.go:322.2,322.12 1 0
github.com/padod/spark-session-operator/api/v1alpha1/zz_generated.deepcopy.go:326.73,330.21 4 0
github.com/padod/spark-session-operator/api/v1alpha1/zz_generated.deepcopy.go:330.21,333.22 3 0
github.com/padod/spark-session-operator/api/v1alpha1/zz_generated.deepcopy.go:333.22,335.4 1 0
github.com/padod/spark-session-operator/api/v1alpha1/zz_generated.deepcopy.go:340.66,341.15 1 0
github.com/padod/spark-session-operator/api/v1alpha1/zz_generated.deepcopy.go:341.15,343.3 1 0
github.com/padod/spark-session-operator/api/v1alpha1/zz_generated.deepcopy.go:344.2,346.12 3 0
github.com/padod/spark-session-operator/api/v1alpha1/zz_generated.deepcopy.go:350.65,351.34 1 0
github.com/padod/spark-session-operator/api/v1alpha1/zz_generated.deepcopy.go:351.34,353.3 1 0
github.com/padod/spark-session-operator/api/v1alpha1/zz_generated.deepcopy.go:354.2,354.12 1 0
github.com/padod/spark-session-operator/api/v1alpha1/zz_generated.deepcopy.go:358.73,364.2 5 0
github.com/padod/spark-session-operator/api/v1alpha1/zz_generated.deepcopy.go:367.66,368.15 1 0
github.com/padod/spark-session-operator/api/v1alpha1/zz_generated.deepcopy.go:368.15,370.3 1 0
github.com/padod/spark-session-operator/api/v1alpha1/zz_generated.deepcopy.go:371.2,373.12 3 0
github.com/padod/spark-session-operator/api/v1alpha1/zz_generated.deepcopy.go:377.77,379.25 2 0
github.com/padod/spark-session-operator/api/v1alpha1/zz_generated.deepcopy.go:379.25,383.3 3 0
github.com/padod/spark-session-operator/api/v1alpha1/zz_generated.deepcopy.go:384.2,384.29 1 0
github.com/padod/spark-session-operator/api/v1alpha1/zz_generated.deepcopy.go:384.29,387.3 2 0
github.com/padod/spark-session-operator/api/v1alpha1/zz_generated.deepcopy.go:388.2,388.26 1 0
github.com/padod/spark-session-operator/api/v1alpha1/zz_generated.deepcopy.go:388.26,391.22 3 0
github.com/padod/spark-session-operator/api/v1alpha1/zz_generated.deepcopy.go:391.22,393.4 1 0
github.com/padod/spark-session-operator/api/v1alpha1/zz_generated.deepcopy.go:398.70,399.15 1 0
github.com/padod/spark-session-operator/api/v1alpha1/zz_generated.deepcopy.go:399.15,401.3 1 0
github.com/padod/spark-session-operator/api/v1alpha1/zz_generated.deepcopy.go:402.2,404.12 3 0
github.com/padod/spark-session-operator/cmd/main.go:54.13,59.2 2 0
github.com/padod/spark-session-operator/cmd/main.go:62.13,134.38 37 0
github.com/padod/spark-session-operator/cmd/main.go:134.38,137.3 2 0
github.com/padod/spark-session-operator/cmd/main.go:139.2,139.18 1 0
github.com/padod/spark-session-operator/cmd/main.go:139.18,141.3 1 0
github.com/padod/spark-session-operator/cmd/main.go:144.2,149.30 3 0
github.com/padod/spark-session-operator/cmd/main.go:149.30,156.3 4 0
github.com/padod/spark-session-operator/cmd/main.go:158.2,166.19 3 0
github.com/padod/spark-session-operator/cmd/main.go:166.19,168.3 1 0
github.com/padod/spark-session-operator/cmd/main.go:170.2,170.30 1 0
github.com/padod/spark-session-operator/cmd/main.go:170.30,177.3 4 0
github.com/padod/spark-session-operator/cmd/main.go:179.2,187.16 2 0
github.com/padod/spark-session-operator/cmd/main.go:187.16,190.3 2 0
github.com/padod/spark-session-operator/cmd/main.go:193.2,194.16 2 0
github.com/padod/spark-session-operator/cmd/main.go:194.16,197.3 2 0
github.com/padod/spark-session-operator/cmd/main.go:200.2,206.39 1 0
github.com/padod/spark-session-operator/cmd/main.go:206.39,209.3 2 0
github.com/padod/spark-session-operator/cmd/main.go:210.2,215.39 1 0
github.com/padod/spark-session-operator/cmd/main.go:215.39,218.3 2 0
github.com/padod/spark-session-operator/cmd/main.go:221.2,221.69 1 0
github.com/padod/spark-session-operator/cmd/main.go:221.69,224.3 2 0
github.com/padod/spark-session-operator/cmd/main.go:225.2,225.67 1 0
github.com/padod/spark-session-operator/cmd/main.go:225.67,228.3 2 0
github.com/padod/spark-session-operator/cmd/main.go:235.2,235.48 1 0
github.com/padod/spark-session-operator/cmd/main.go:235.48,238.3 2 0
github.com/padod/spark-session-operator/cmd/main.go:239.2,239.24 1 0
github.com/padod/spark-session-operator/cmd/main.go:239.24,242.3 1 0
github.com/padod/spark-session-operator/cmd/main.go:245.2,254.16 2 0
github.com/padod/spark-session-operator/cmd/main.go:254.16,257.3 2 0
github.com/padod/spark-session-operator/cmd/main.go:263.2,269.73 2 0
github.com/padod/spark-session-operator/cmd/main.go:269.73,271.3 1 0
github.com/padod/spark-session-operator/cmd/main.go:271.18,274.3 2 0
github.com/padod/spark-session-operator/cmd/main.go:276.2,277.27 2 0
github.com/padod/spark-session-operator/cmd/main.go:277.27,279.74 2 0
github.com/padod/spark-session-operator/cmd/main.go:279.74,281.4 1 0
github.com/padod/spark-session-operator/cmd/main.go:281.19,284.4 2 0
github.com/padod/spark-session-operator/cmd/main.go:286.2,286.28 1 0
github.com/padod/spark-session-operator/cmd/main.go:286.28,288.74 2 0
github.com/padod/spark-session-operator/cmd/main.go:288.74,290.4 1 0
github.com/padod/spark-session-operator/cmd/main.go:290.19,293.4 2 0
github.com/padod/spark-session-operator/cmd/main.go:296.2,297.61 2 0
github.com/padod/spark-session-operator/cmd/main.go:297.61,300.3 2 0
github.com/padod/spark-session-operator/internal/auth/jwks.go:72.88,79.2 1 17
github.com/padod/spark-session-operator/internal/auth/jwks.go:85.81,86.37 1 8
github.com/padod/spark-session-operator/internal/auth/jwks.go:86.37,88.3 1 0
github.com/padod/spark-session-operator/internal/auth/jwks.go:89.2,89.43 1 8
github.com/padod/spark-session-operator/internal/auth/jwks.go:89.43,91.3 1 0
github.com/padod/spark-session-operator/internal/auth/jwks.go:92.2,95.9 4 8
github.com/padod/spark-session-operator/internal/auth/jwks.go:95.9,97.3 1 1
github.com/padod/spark-session-operator/internal/auth/jwks.go:98.2,98.15 1 7
github.com/padod/spark-session-operator/internal/auth/jwks.go:102.61,105.62 3 8
github.com/padod/spark-session-operator/internal/auth/jwks.go:105.62,107.3 1 8
github.com/padod/spark-session-operator/internal/auth/jwks.go:108.2,109.14 2 0
github.com/padod/spark-session-operator/internal/auth/jwks.go:114.60,115.56 1 8
github.com/padod/spark-session-operator/internal/auth/jwks.go:115.56,117.3 1 8
github.com/padod/spark-session-operator/internal/auth/jwks.go:118.2,118.12 1 8
github.com/padod/spark-session-operator/internal/auth/jwks.go:121.58,123.16 2 8
github.com/padod/spark-session-operator/internal/auth/jwks.go:123.16,125.3 1 0
github.com/padod/spark-session-operator/internal/auth/jwks.go:126.2,127.16 2 8
github.com/padod/spark-session-operator/internal/auth/jwks.go:127.16,129.3 1 0
github.com/padod/spark-session-operator/internal/auth/jwks.go:130.2,135.12 6 8
github.com/padod/spark-session-operator/internal/auth/jwks.go:140.74,144.18 4 8
github.com/padod/spark-session-operator/internal/auth/jwks.go:144.18,146.3 1 0
github.com/padod/spark-session-operator/internal/auth/jwks.go:147.2,147.31 1 8
github.com/padod/spark-session-operator/internal/auth/jwks.go:150.74,153.16 3 9
github.com/padod/spark-session-operator/internal/auth/jwks.go:153.16,155.3 1 0
github.com/padod/spark-session-operator/internal/auth/jwks.go:156.2,157.16 2 9
github.com/padod/spark-session-operator/internal/auth/jwks.go:157.16,159.3 1 0
github.com/padod/spark-session-operator/internal/auth/jwks.go:160.2,160.15 1 9
github.com/padod/spark-session-operator/internal/auth/jwks.go:160.15,160.40 1 9
github.com/padod/spark-session-operator/internal/auth/jwks.go:161.2,161.38 1 9
github.com/padod/spark-session-operator/internal/auth/jwks.go:161.38,163.3 1 0
github.com/padod/spark-session-operator/internal/auth/jwks.go:164.2,165.16 2 9
github.com/padod/spark-session-operator/internal/auth/jwks.go:165.16,167.3 1 0
github.com/padod/spark-session-operator/internal/auth/jwks.go:168.2,171.51 2 9
github.com/padod/spark-session-operator/internal/auth/jwks.go:171.51,173.3 1 0
github.com/padod/spark-session-operator/internal/auth/jwks.go:174.2,174.23 1 9
github.com/padod/spark-session-operator/internal/auth/jwks.go:174.23,176.3 1 0
github.com/padod/spark-session-operator/internal/auth/jwks.go:177.2,177.66 1 9
github.com/padod/spark-session-operator/internal/auth/jwks.go:177.66,179.3 1 0
github.com/padod/spark-session-operator/internal/auth/jwks.go:180.2,180.25 1 9
github.com/padod/spark-session-operator/internal/auth/jwks.go:187.55,189.16 2 9
github.com/padod/spark-session-operator/internal/auth/jwks.go:189.16,191.3 1 0
github.com/padod/spark-session-operator/internal/auth/jwks.go:192.2,193.16 2 9
github.com/padod/spark-session-operator/internal/auth/jwks.go:193.16,195.3 1 0
github.com/padod/spark-session-operator/internal/auth/jwks.go:196.2,196.26 1 9
github.com/padod/spark-session-operator/internal/auth/jwks.go:196.26,198.3 1 0
github.com/padod/spark-session-operator/internal/auth/jwks.go:199.2,200.85 2 9
github.com/padod/spark-session-operator/internal/auth/jwks.go:200.85,202.3 1 0
github.com/padod/spark-session-operator/internal/auth/jwks.go:203.2,203.12 1 9
github.com/padod/spark-session-operator/internal/auth/jwks.go:206.92,208.16 2 8
github.com/padod/spark-session-operator/internal/auth/jwks.go:208.16,210.3 1 0
github.com/padod/spark-session-operator/internal/auth/jwks.go:211.2,212.16 2 8
github.com/padod/spark-session-operator/internal/auth/jwks.go:212.16,214.3 1 0
github.com/padod/spark-session-operator/internal/auth/jwks.go:215.2,215.15 1 8
github.com/padod/spark-session-operator/internal/auth/jwks.go:215.15,215.40 1 8
github.com/padod/spark-session-operator/internal/auth/jwks.go:216.2,216.38 1 8
github.com/padod/spark-session-operator/internal/auth/jwks.go:216.38,218.3 1 0
github.com/padod/spark-session-operator/internal/auth/jwks.go:219.2,220.16 2 8
github.com/padod/spark-session-operator/internal/auth/jwks.go:220.16,222.3 1 0
github.com/padod/spark-session-operator/internal/auth/jwks.go:223.2,223.24 1 8
github.com/padod/spark-session-operator/internal/auth/jwks.go:239.57,243.51 2 8
github.com/padod/spark-session-operator/internal/auth/jwks.go:243.51,245.3 1 0
github.com/padod/spark-session-operator/internal/auth/jwks.go:246.2,247.29 2 8
github.com/padod/spark-session-operator/internal/auth/jwks.go:247.29,248.36 1 8
github.com/padod/spark-session-operator/internal/auth/jwks.go:248.36,249.12 1 0
github.com/padod/spark-session-operator/internal/auth/jwks.go:251.3,252.17 2 8
github.com/padod/spark-session-operator/internal/auth/jwks.go:252.17,253.12 1 0
github.com/padod/spark-session-operator/internal/auth/jwks.go:255.3,255.55 1 8
github.com/padod/spark-session-operator/internal/auth/jwks.go:257.2,257.19 1 8
github.com/padod/spark-session-operator/internal/auth/jwks.go:257.19,259.3 1 0
github.com/padod/spark-session-operator/internal/auth/jwks.go:260.2,260.17 1 8
github.com/padod/spark-session-operator/internal/auth/jwks.go:263.46,264.15 1 8
github.com/padod/spark-session-operator/internal/auth/jwks.go:265.13,266.24 1 8
github.com/padod/spark-session-operator/internal/auth/jwks.go:267.12,268.23 1 0
github.com/padod/spark-session-operator/internal/auth/jwks.go:269.10,270.58 1 0
github.com/padod/spark-session-operator/internal/auth/jwks.go:274.49,276.16 2 8
github.com/padod/spark-session-operator/internal/auth/jwks.go:276.16,278.3 1 0
github.com/padod/spark-session-operator/internal/auth/jwks.go:279.2,280.16 2 8
github.com/padod/spark-session-operator/internal/auth/jwks.go:280.16,282.3 1 0
github.com/padod/spark-session-operator/internal/auth/jwks.go:283.2,283.36 1 8
github.com/padod/spark-session-operator/internal/auth/jwks.go:283.36,285.3 1 0
github.com/padod/spark-session-operator/internal/auth/jwks.go:286.2,286.32 1 8
github.com/padod/spark-session-operator/internal/auth/jwks.go:286.32,288.3 1 0
github.com/padod/spark-session-operator/internal/auth/jwks.go:289.2,291.15 3 8
github.com/padod/spark-session-operator/internal/auth/jwks.go:291.15,293.3 1 0
github.com/padod/spark-session-operator/internal/auth/jwks.go:294.2,294.22 1 8
github.com/padod/spark-session-operator/internal/auth/jwks.go:297.48,299.15 2 0
github.com/padod/spark-session-operator/internal/auth/jwks.go:300.15,301.26 1 0
github.com/padod/spark-session-operator/internal/auth/jwks.go:302.15,303.26 1 0
github.com/padod/spark-session-operator/internal/auth/jwks.go:304.15,305.26 1 0
github.com/padod/spark-session-operator/internal/auth/jwks.go:306.10,307.63 1 0
github.com/padod/spark-session-operator/internal/auth/jwks.go:309.2,310.16 2 0
github.com/padod/spark-session-operator/internal/auth/jwks.go:310.16,312.3 1 0
github.com/padod/spark-session-operator/internal/auth/jwks.go:313.2,314.16 2 0
github.com/padod/spark-session-operator/internal/auth/jwks.go:314.16,316.3 1 0
github.com/padod/spark-session-operator/internal/auth/jwks.go:317.2,319.15 3 0
github.com/padod/spark-session-operator/internal/auth/jwks.go:319.15,321.3 1 0
github.com/padod/spark-session-operator/internal/auth/jwks.go:322.2,322.22 1 0
github.com/padod/spark-session-operator/internal/auth/jwks.go:325.50,327.16 2 16
github.com/padod/spark-session-operator/internal/auth/jwks.go:327.16,329.3 1 0
github.com/padod/spark-session-operator/internal/auth/jwks.go:330.2,330.38 1 16
github.com/padod/spark-session-operator/internal/auth/token.go:99.63,100.48 1 21
github.com/padod/spark-session-operator/internal/auth/token.go:100.48,101.59 1 12
github.com/padod/spark-session-operator/internal/auth/token.go:101.59,103.4 1 0
github.com/padod/spark-session-operator/internal/auth/token.go:105.2,106.25 2 21
github.com/padod/spark-session-operator/internal/auth/token.go:106.25,108.3 1 17
github.com/padod/spark-session-operator/internal/auth/token.go:109.2,109.15 1 21
github.com/padod/spark-session-operator/internal/auth/token.go:118.49,120.16 2 12
github.com/padod/spark-session-operator/internal/auth/token.go:120.16,122.3 1 0
github.com/padod/spark-session-operator/internal/auth/token.go:123.2,123.18 1 12
github.com/padod/spark-session-operator/internal/auth/token.go:123.18,125.3 1 0
github.com/padod/spark-session-operator/internal/auth/token.go:126.2,126.25 1 12
github.com/padod/spark-session-operator/internal/auth/token.go:126.25,128.3 1 0
github.com/padod/spark-session-operator/internal/auth/token.go:129.2,129.56 1 12
github.com/padod/spark-session-operator/internal/auth/token.go:129.56,131.3 1 12
github.com/padod/spark-session-operator/internal/auth/token.go:132.2,132.111 1 0
github.com/padod/spark-session-operator/internal/auth/token.go:135.39,136.25 1 12
github.com/padod/spark-session-operator/internal/auth/token.go:136.25,138.3 1 0
github.com/padod/spark-session-operator/internal/auth/token.go:139.2,139.40 1 12
github.com/padod/spark-session-operator/internal/auth/token.go:139.40,141.3 1 12
github.com/padod/spark-session-operator/internal/auth/token.go:142.2,142.14 1 0
github.com/padod/spark-session-operator/internal/auth/token.go:145.41,148.69 1 22
github.com/padod/spark-session-operator/internal/auth/token.go:148.69,150.4 1 2
github.com/padod/spark-session-operator/internal/auth/token.go:162.44,165.69 1 18
github.com/padod/spark-session-operator/internal/auth/token.go:165.69,166.40 1 5
github.com/padod/spark-session-operator/internal/auth/token.go:166.40,168.5 1 1
github.com/padod/spark-session-operator/internal/auth/token.go:169.4,169.55 1 4
github.com/padod/spark-session-operator/internal/auth/token.go:169.55,171.5 1 1
github.com/padod/spark-session-operator/internal/auth/token.go:172.4,172.14 1 3
github.com/padod/spark-session-operator/internal/auth/token.go:183.120,184.29 1 5
github.com/padod/spark-session-operator/internal/auth/token.go:184.29,185.21 1 2
github.com/padod/spark-session-operator/internal/auth/token.go:185.21,187.4 1 1
github.com/padod/spark-session-operator/internal/auth/token.go:188.3,188.44 1 1
github.com/padod/spark-session-operator/internal/auth/token.go:191.2,192.16 2 3
github.com/padod/spark-session-operator/internal/auth/token.go:192.16,194.3 1 2
github.com/padod/spark-session-operator/internal/auth/token.go:195.2,195.31 1 1
github.com/padod/spark-session-operator/internal/auth/token.go:198.102,207.33 3 3
github.com/padod/spark-session-operator/internal/auth/token.go:207.33,209.3 1 0
github.com/padod/spark-session-operator/internal/auth/token.go:211.2,212.16 2 3
github.com/padod/spark-session-operator/internal/auth/token.go:212.16,214.3 1 0
github.com/padod/spark-session-operator/internal/auth/token.go:215.2,218.16 3 3
github.com/padod/spark-session-operator/internal/auth/token.go:218.16,220.3 1 0
github.com/padod/spark-session-operator/internal/auth/token.go:221.2,221.15 1 3
github.com/padod/spark-session-operator/internal/auth/token.go:221.15,221.40 1 3
github.com/padod/spark-session-operator/internal/auth/token.go:223.2,224.16 2 3
github.com/padod/spark-session-operator/internal/auth/token.go:224.16,226.3 1 0
github.com/padod/spark-session-operator/internal/auth/token.go:228.2,228.38 1 3
github.com/padod/spark-session-operator/internal/auth/token.go:228.38,230.3 1 2
github.com/padod/spark-session-operator/internal/auth/token.go:232.2,235.57 2 1
github.com/padod/spark-session-operator/internal/auth/token.go:235.57,237.3 1 0
github.com/padod/spark-session-operator/internal/auth/token.go:238.2,238.33 1 1
github.com/padod/spark-session-operator/internal/auth/token.go:238.33,240.3 1 0
github.com/padod/spark-session-operator/internal/auth/token.go:241.2,241.35 1 1
github.com/padod/spark-session-operator/internal/auth/token.go:255.78,256.29 1 17
github.com/padod/spark-session-operator/internal/auth/token.go:256.29,258.3 1 6
github.com/padod/spark-session-operator/internal/auth/token.go:259.2,259.19 1 11
github.com/padod/spark-session-operator/internal/auth/token.go:259.19,261.3 1 1
github.com/padod/spark-session-operator/internal/auth/token.go:262.2,262.38 1 10
github.com/padod/spark-session-operator/internal/auth/token.go:265.79,271.29 2 10
github.com/padod/spark-session-operator/internal/auth/token.go:271.29,273.3 1 9
github.com/padod/spark-session-operator/internal/auth/token.go:275.2,276.16 2 10
github.com/padod/spark-session-operator/internal/auth/token.go:276.16,278.3 1 7
github.com/padod/spark-session-operator/internal/auth/token.go:279.2,279.18 1 3
github.com/padod/spark-session-operator/internal/auth/token.go:279.18,281.3 1 0
github.com/padod/spark-session-operator/internal/auth/token.go:282.2,283.9 2 3
github.com/padod/spark-session-operator/internal/auth/token.go:283.9,285.3 1 0
github.com/padod/spark-session-operator/internal/auth/token.go:286.2,286.40 1 3
github.com/padod/spark-session-operator/internal/auth/token.go:291.64,293.15 2 8
github.com/padod/spark-session-operator/internal/auth/token.go:293.15,295.3 1 0
github.com/padod/spark-session-operator/internal/auth/token.go:296.2,299.16 4 8
github.com/padod/spark-session-operator/internal/auth/token.go:299.16,301.3 1 1
github.com/padod/spark-session-operator/internal/auth/token.go:302.2,302.48 1 7
github.com/padod/spark-session-operator/internal/auth/token.go:302.48,304.3 1 0
github.com/padod/spark-session-operator/internal/auth/token.go:305.2,305.19 1 7
github.com/padod/spark-session-operator/internal/auth/token.go:314.80,317.16 3 6
github.com/padod/spark-session-operator/internal/auth/token.go:317.16,319.3 1 0
github.com/padod/spark-session-operator/internal/auth/token.go:320.2,321.9 2 6
github.com/padod/spark-session-operator/internal/auth/token.go:321.9,323.3 1 0
github.com/padod/spark-session-operator/internal/auth/token.go:324.2,324.46 1 6
github.com/padod/spark-session-operator/internal/auth/token.go:324.46,326.3 1 4
github.com/padod/spark-session-operator/internal/auth/token.go:327.2,327.40 1 2
github.com/padod/spark-session-operator/internal/auth/token.go:333.65,334.30 1 6
github.com/padod/spark-session-operator/internal/auth/token.go:334.30,337.48 3 5
github.com/padod/spark-session-operator/internal/auth/token.go:337.48,339.4 1 1
github.com/padod/spark-session-operator/internal/auth/token.go:340.3,340.46 1 4
github.com/padod/spark-session-operator/internal/auth/token.go:340.46,342.4 1 2
github.com/padod/spark-session-operator/internal/auth/token.go:344.2,344.84 1 3
github.com/padod/spark-session-operator/internal/auth/token.go:344.84,346.3 1 1
github.com/padod/spark-session-operator/internal/auth/token.go:347.2,347.12 1 2
github.com/padod/spark-session-operator/internal/auth/token.go:350.47,352.16 2 4
github.com/padod/spark-session-operator/internal/auth/token.go:352.16,354.3 1 0
github.com/padod/spark-session-operator/internal/auth/token.go:355.2,355.18 1 4
github.com/padod/spark-session-operator/internal/auth/token.go:355.18,357.3 1 1
github.com/padod/spark-session-operator/internal/auth/token.go:358.2,359.45 2 3
github.com/padod/spark-session-operator/internal/auth/token.go:359.45,361.3 1 1
github.com/padod/spark-session-operator/internal/auth/token.go:362.2,363.16 2 2
github.com/padod/spark-session-operator/internal/auth/token.go:363.16,365.3 1 0
github.com/padod/spark-session-operator/internal/auth/token.go:366.2,366.59 1 2
github.com/padod/spark-session-operator/internal/auth/token.go:366.59,368.3 1 0
github.com/padod/spark-session-operator/internal/auth/token.go:369.2,369.12 1 2
github.com/padod/spark-session-operator/internal/auth/token.go:374.66,376.9 2 6
github.com/padod/spark-session-operator/internal/auth/token.go:376.9,378.3 1 3
github.com/padod/spark-session-operator/internal/auth/token.go:379.2,379.25 1 3
github.com/padod/spark-session-operator/internal/auth/token.go:380.15,381.23 1 3
github.com/padod/spark-session-operator/internal/auth/token.go:382.13,383.16 1 0
github.com/padod/spark-session-operator/internal/auth/token.go:384.10,385.75 1 0
github.com/padod/spark-session-operator/internal/auth/token.go:389.50,390.25 1 2
github.com/padod/spark-session-operator/internal/auth/token.go:391.14,392.19 1 2
github.com/padod/spark-session-operator/internal/auth/token.go:393.13,394.23 1 0
github.com/padod/spark-session-operator/internal/auth/token.go:394.23,395.44 1 0
github.com/padod/spark-session-operator/internal/auth/token.go:395.44,397.5 1 0
github.com/padod/spark-session-operator/internal/auth/token.go:400.2,400.14 1 0
github.com/padod/spark-session-operator/internal/auth/token.go:403.88,405.21 2 5
github.com/padod/spark-session-operator/internal/auth/token.go:405.21,407.3 1 5
github.com/padod/spark-session-operator/internal/auth/token.go:408.2,409.23 2 5
github.com/padod/spark-session-operator/internal/auth/token.go:409.23,411.3 1 5
github.com/padod/spark-session-operator/internal/auth/token.go:413.2,414.27 2 5
github.com/padod/spark-session-operator/internal/auth/token.go:414.27,416.3 1 0
github.com/padod/spark-session-operator/internal/auth/token.go:417.2,417.51 1 5
github.com/padod/spark-session-operator/internal/auth/token.go:417.51,419.3 1 0
github.com/padod/spark-session-operator/internal/auth/token.go:421.2,422.46 2 5
github.com/padod/spark-session-operator/internal/auth/token.go:422.46,423.46 1 1
github.com/padod/spark-session-operator/internal/auth/token.go:423.46,424.33 1 1
github.com/padod/spark-session-operator/internal/auth/token.go:424.33,425.33 1 2
github.com/padod/spark-session-operator/internal/auth/token.go:425.33,427.6 1 2
github.com/padod/spark-session-operator/internal/auth/token.go:431.2,431.59 1 5
github.com/padod/spark-session-operator/internal/auth/token.go:437.39,438.41 1 5
github.com/padod/spark-session-operator/internal/auth/token.go:438.41,440.3 1 0
github.com/padod/spark-session-operator/internal/auth/token.go:441.2,441.22 1 5
github.com/padod/spark-session-operator/internal/auth/token.go:441.22,442.26 1 23
github.com/padod/spark-session-operator/internal/auth/token.go:442.26,444.4 1 0
github.com/padod/spark-session-operator/internal/auth/token.go:446.2,446.12 1 5
github.com/padod/spark-session-operator/test/utils/utils.go:38.27,40.2 1 0
github.com/padod/spark-session-operator/test/utils/utils.go:43.41,47.42 3 0
github.com/padod/spark-session-operator/test/utils/utils.go:47.42,49.3 1 0
github.com/padod/spark-session-operator/test/utils/utils.go:51.2,55.16 5 0
github.com/padod/spark-session-operator/test/utils/utils.go:55.16,57.3 1 0
github.com/padod/spark-session-operator/test/utils/utils.go:59.2,59.28 1 0
github.com/padod/spark-session-operator/test/utils/utils.go:63.29,66.36 3 0
github.com/padod/spark-session-operator/test/utils/utils.go:66.36,68.3 1 0
github.com/padod/spark-session-operator/test/utils/utils.go:71.2,75.41 2 0
github.com/padod/spark-session-operator/test/utils/utils.go:75.41,78.37 2 0
github.com/padod/spark-session-operator/test/utils/utils.go:78.37,80.4 1 0
github.com/padod/spark-session-operator/test/utils/utils.go:85.33,88.36 3 0
github.com/padod/spark-session-operator/test/utils/utils.go:88.36,90.3 1 0
github.com/padod/spark-session-operator/test/utils/utils.go:93.2,100.12 3 0
github.com/padod/spark-session-operator/test/utils/utils.go:105.40,119.16 4 0
github.com/padod/spark-session-operator/test/utils/utils.go:119.16,121.3 1 0
github.com/padod/spark-session-operator/test/utils/utils.go:124.2,125.38 2 0
github.com/padod/spark-session-operator/test/utils/utils.go:125.38,126.32 1 0
github.com/padod/spark-session-operator/test/utils/utils.go:126.32,127.35 1 0
github.com/padod/spark-session-operator/test/utils/utils.go:127.35,129.5 1 0
github.com/padod/spark-session-operator/test/utils/utils.go:133.2,133.14 1 0
github.com/padod/spark-session-operator/test/utils/utils.go:137.56,139.47 2 0
github.com/padod/spark-session-operator/test/utils/utils.go:139.47,141.3 1 0
github.com/padod/spark-session-operator/test/utils/utils.go:142.2,144.39 3 0
github.com/padod/spark-session-operator/test/utils/utils.go:144.39,146.3 1 0
github.com/padod/spark-session-operator/test/utils/utils.go:147.2,149.12 3 0
github.com/padod/spark-session-operator/test/utils/utils.go:154.47,157.32 3 0
github.com/padod/spark-session-operator/test/utils/utils.go:157.32,158.20 1 0
github.com/padod/spark-session-operator/test/utils/utils.go:158.20,160.4 1 0
github.com/padod/spark-session-operator/test/utils/utils.go:163.2,163.12 1 0
github.com/padod/spark-session-operator/test/utils/utils.go:167.38,169.16 2 0
github.com/padod/spark-session-operator/test/utils/utils.go:169.16,171.3 1 0
github.com/padod/spark-session-operator/test/utils/utils.go:172.2,173.16 2 0
github.com/padod/spark-session-operator/test/utils/utils.go:178.59,182.16 2 0
github.com/padod/spark-session-operator/test/utils/utils.go:182.16,184.3 1 0
github.com/padod/spark-session-operator/test/utils/utils.go:185.2,188.13 3 0
github.com/padod/spark-session-operator/test/utils/utils.go:188.13,190.3 1 0
github.com/padod/spark-session-operator/test/utils/utils.go:192.2,194.16 3 0
github.com/padod/spark-session-operator/test/utils/utils.go:194.16,196.3 1 0
github.com/padod/spark-session-operator/test/utils/utils.go:198.2,199.21 2 0
github.com/padod/spark-session-operator/test/utils/utils.go:199.21,201.3 1 0
github.com/padod/spark-session-operator/test/utils/utils.go:202.2,202.6 1 0
github.com/padod/spark-session-operator/test/utils/utils.go:202.6,203.87 1 0
github.com/padod/spark-session-operator/test/utils/utils.go:203.87,205.4 1 0
github.com/padod/spark-session-operator/test/utils/utils.go:207.3,207.22 1 0
github.com/padod/spark-session-operator/test/utils/utils.go:207.22,208.9 1 0
github.com/padod/spark-session-operator/test/utils/utils.go:210.3,210.49 1 0
github.com/padod/spark-session-operator/test/utils/utils.go:210.49,212.4 1 0
github.com/padod/spark-session-operator/test/utils/utils.go:215.2,215.63 1 0
github.com/padod/spark-session-operator/test/utils/utils.go:215.63,217.3 1 0
github.com/padod/spark-session-operator/test/utils/utils.go:221.2,221.65 1 0
github.com/padod/spark-session-operator/test/utils/utils.go:221.65,223.3 1 0
github.com/padod/spark-session-operator/test/utils/utils.go:225.2,225.12 1 0
github.com/padod/spark-session-operator/internal/gateway/ratelimit.go:54.90,61.2 1 5
github.com/padod/spark-session-operator/internal/gateway/ratelimit.go:64.47,69.76 4 18
github.com/padod/spark-session-operator/internal/gateway/ratelimit.go:69.76,71.3 1 1
github.com/padod/spark-session-operator/internal/gateway/ratelimit.go:73.2,74.9 2 18
github.com/padod/spark-session-operator/internal/gateway/ratelimit.go:74.9,77.3 2 10
github.com/padod/spark-session-operator/internal/gateway/ratelimit.go:78.2,79.26 2 18
github.com/padod/spark-session-operator/internal/gateway/ratelimit.go:82.52,83.30 1 1
github.com/padod/spark-session-operator/internal/gateway/ratelimit.go:83.30,84.38 1 4
github.com/padod/spark-session-operator/internal/gateway/ratelimit.go:84.38,86.4 1 4
github.com/padod/spark-session-operator/internal/gateway/ratelimit.go:88.2,88.19 1 1
github.com/padod/spark-session-operator/internal/gateway/ratelimit.go:94.39,96.16 2 4
github.com/padod/spark-session-operator/internal/gateway/ratelimit.go:96.16,98.3 1 1
github.com/padod/spark-session-operator/internal/gateway/ratelimit.go:99.2,99.13 1 3
github.com/padod/spark-session-operator/internal/gateway/server.go:65.127,73.2 1 0
github.com/padod/spark-session-operator/internal/gateway/server.go:95.51,116.77 10 0
github.com/padod/spark-session-operator/internal/gateway/server.go:116.77,119.3 2 0
github.com/padod/spark-session-operator/internal/gateway/server.go:121.2,121.76 1 0
github.com/padod/spark-session-operator/internal/gateway/server.go:121.76,124.3 2 0
github.com/padod/spark-session-operator/internal/gateway/server.go:126.2,132.31 3 0
github.com/padod/spark-session-operator/internal/gateway/server.go:137.62,138.18 1 0
github.com/padod/spark-session-operator/internal/gateway/server.go:138.18,140.3 1 0
github.com/padod/spark-session-operator/internal/gateway/server.go:141.2,141.28 1 0
github.com/padod/spark-session-operator/internal/gateway/server.go:148.70,150.12 2 0
github.com/padod/spark-session-operator/internal/gateway/server.go:150.12,151.70 1 0
github.com/padod/spark-session-operator/internal/gateway/server.go:151.70,154.4 2 0
github.com/padod/spark-session-operator/internal/gateway/server.go:155.3,155.18 1 0
github.com/padod/spark-session-operator/internal/gateway/server.go:158.2,158.9 1 0
github.com/padod/spark-session-operator/internal/gateway/server.go:159.20,163.33 4 0
github.com/padod/spark-session-operator/internal/gateway/server.go:164.25,165.13 1 0
github.com/padod/spark-session-operator/internal/gateway/server.go:171.91,172.46 1 0
github.com/padod/spark-session-operator/internal/gateway/server.go:172.46,173.72 1 0
github.com/padod/spark-session-operator/internal/gateway/server.go:173.72,176.4 2 0
github.com/padod/spark-session-operator/internal/gateway/server.go:183.78,184.71 1 0
github.com/padod/spark-session-operator/internal/gateway/server.go:184.71,186.27 2 0
github.com/padod/spark-session-operator/internal/gateway/server.go:186.27,189.4 2 0
github.com/padod/spark-session-operator/internal/gateway/server.go:190.3,190.23 1 0
github.com/padod/spark-session-operator/internal/gateway/server.go:195.73,196.71 1 0
github.com/padod/spark-session-operator/internal/gateway/server.go:196.71,198.17 2 0
github.com/padod/spark-session-operator/internal/gateway/server.go:198.17,204.4 3 0
github.com/padod/spark-session-operator/internal/gateway/server.go:207.3,208.40 2 0
github.com/padod/spark-session-operator/internal/gateway/server.go:217.79,219.22 2 0
github.com/padod/spark-session-operator/internal/gateway/server.go:219.22,221.3 1 0
github.com/padod/spark-session-operator/internal/gateway/server.go:223.2,224.62 2 0
github.com/padod/spark-session-operator/internal/gateway/server.go:224.62,226.3 1 0
github.com/padod/spark-session-operator/internal/gateway/server.go:228.2,228.39 1 0
github.com/padod/spark-session-operator/internal/gateway/server.go:252.76,254.94 2 0
github.com/padod/spark-session-operator/internal/gateway/server.go:254.94,257.3 2 0
github.com/padod/spark-session-operator/internal/gateway/server.go:259.2,260.32 2 0
github.com/padod/spark-session-operator/internal/gateway/server.go:260.32,278.3 2 0
github.com/padod/spark-session-operator/internal/gateway/server.go:282.2,282.100 1 0
github.com/padod/spark-session-operator/internal/gateway/server.go:282.100,285.3 2 0
github.com/padod/spark-session-operator/internal/gateway/server.go:286.2,286.42 1 0
github.com/padod/spark-session-operator/internal/gateway/server.go:295.37,296.20 1 0
github.com/padod/spark-session-operator/internal/gateway/server.go:296.20,298.4 1 0
github.com/padod/spark-session-operator/internal/gateway/server.go:299.3,299.23 1 0
github.com/padod/spark-session-operator/internal/gateway/server.go:301.50,302.10 1 0
github.com/padod/spark-session-operator/internal/gateway/server.go:303.19,304.17 1 0
github.com/padod/spark-session-operator/internal/gateway/server.go:305.24,306.22 1 0
github.com/padod/spark-session-operator/internal/gateway/server.go:307.11,308.18 1 0
github.com/padod/spark-session-operator/internal/gateway/server.go:311.36,312.13 1 0
github.com/padod/spark-session-operator/internal/gateway/server.go:312.13,314.4 1 0
github.com/padod/spark-session-operator/internal/gateway/server.go:315.3,315.12 1 0
github.com/padod/spark-session-operator/internal/gateway/server.go:319.86,321.52 2 0
github.com/padod/spark-session-operator/internal/gateway/server.go:321.52,324.3 1 0
github.com/padod/spark-session-operator/internal/gateway/server.go:327.79,334.16 3 0
github.com/padod/spark-session-operator/internal/gateway/server.go:334.16,337.3 2 0
github.com/padod/spark-session-operator/internal/gateway/server.go:339.2,340.35 2 0
github.com/padod/spark-session-operator/internal/gateway/server.go:340.35,342.3 1 0
github.com/padod/spark-session-operator/internal/gateway/server.go:344.2,344.42 1 0
github.com/padod/spark-session-operator/internal/gateway/server.go:347.77,355.26 4 0
github.com/padod/spark-session-operator/internal/gateway/server.go:355.26,358.3 2 0
github.com/padod/spark-session-operator/internal/gateway/server.go:361.2,361.44 1 0
github.com/padod/spark-session-operator/internal/gateway/server.go:361.44,364.3 2 0
github.com/padod/spark-session-operator/internal/gateway/server.go:366.2,366.61 1 0
github.com/padod/spark-session-operator/internal/gateway/server.go:369.80,377.26 4 0
github.com/padod/spark-session-operator/internal/gateway/server.go:377.26,380.3 2 0
github.com/padod/spark-session-operator/internal/gateway/server.go:382.2,382.44 1 0
github.com/padod/spark-session-operator/internal/gateway/server.go:382.44,385.3 2 0
github.com/padod/spark-session-operator/internal/gateway/server.go:388.2,389.71 2 0
github.com/padod/spark-session-operator/internal/gateway/server.go:389.71,392.3 2 0
github.com/padod/spark-session-operator/internal/gateway/server.go:394.2,395.61 2 0
github.com/padod/spark-session-operator/internal/gateway/server.go:398.102,407.31 2 0
github.com/padod/spark-session-operator/internal/gateway/server.go:407.31,410.3 2 0
github.com/padod/spark-session-operator/internal/gateway/server.go:411.2,411.36 1 0
github.com/padod/spark-session-operator/internal/gateway/server.go:411.36,414.3 2 0
github.com/padod/spark-session-operator/internal/gateway/server.go:415.2,415.13 1 0
github.com/padod/spark-session-operator/internal/gateway/server.go:418.78,422.2 3 0
github.com/padod/spark-session-operator/internal/gateway/server.go:424.97,426.2 1 0
github.com/padod/spark-session-operator/internal/gateway/server.go:432.97,435.2 2 0
github.com/padod/spark-session-operator/internal/proxy/cache.go:53.43,59.2 1 22
github.com/padod/spark-session-operator/internal/proxy/cache.go:62.49,67.9 4 9
github.com/padod/spark-session-operator/internal/proxy/cache.go:67.9,69.3 1 3
github.com/padod/spark-session-operator/internal/proxy/cache.go:70.2,70.37 1 6
github.com/padod/spark-session-operator/internal/proxy/cache.go:70.37,73.3 2 1
github.com/padod/spark-session-operator/internal/proxy/cache.go:74.2,74.22 1 5
github.com/padod/spark-session-operator/internal/proxy/cache.go:78.41,83.78 4 1044
github.com/padod/spark-session-operator/internal/proxy/cache.go:83.78,85.3 1 1
github.com/padod/spark-session-operator/internal/proxy/cache.go:86.2,86.66 1 1044
github.com/padod/spark-session-operator/internal/proxy/cache.go:90.37,94.2 3 3
github.com/padod/spark-session-operator/internal/proxy/cache.go:98.28,102.2 3 6
github.com/padod/spark-session-operator/internal/proxy/cache.go:105.45,106.28 1 1
github.com/padod/spark-session-operator/internal/proxy/cache.go:106.28,107.31 1 1034
github.com/padod/spark-session-operator/internal/proxy/cache.go:107.31,109.4 1 1034
github.com/padod/spark-session-operator/internal/proxy/cache.go:111.2,111.19 1 1
github.com/padod/spark-session-operator/internal/proxy/connect_grpc.go:47.101,49.9 2 0
github.com/padod/spark-session-operator/internal/proxy/connect_grpc.go:49.9,51.3 1 0
github.com/padod/spark-session-operator/internal/proxy/connect_grpc.go:54.2,54.60 1 0
github.com/padod/spark-session-operator/internal/proxy/connect_grpc.go:54.60,56.17 2 0
github.com/padod/spark-session-operator/internal/proxy/connect_grpc.go:56.17,58.4 1 0
github.com/padod/spark-session-operator/internal/proxy/connect_grpc.go:62.2,63.24 2 0
github.com/padod/spark-session-operator/internal/proxy/connect_grpc.go:63.24,65.3 1 0
github.com/padod/spark-session-operator/internal/proxy/connect_grpc.go:66.2,69.24 3 0
github.com/padod/spark-session-operator/internal/proxy/connect_grpc.go:69.24,71.3 1 0
github.com/padod/spark-session-operator/internal/proxy/connect_grpc.go:72.2,74.20 2 0
github.com/padod/spark-session-operator/internal/proxy/connect_grpc.go:74.20,76.3 1 0
github.com/padod/spark-session-operator/internal/proxy/connect_grpc.go:78.2,78.32 1 0
github.com/padod/spark-session-operator/internal/proxy/connect_grpc.go:93.86,95.16 2 0
github.com/padod/spark-session-operator/internal/proxy/connect_grpc.go:95.16,97.3 1 0
github.com/padod/spark-session-operator/internal/proxy/connect_grpc.go:98.2,98.18 1 0
github.com/padod/spark-session-operator/internal/proxy/connect_grpc.go:98.18,100.3 1 0
github.com/padod/spark-session-operator/internal/proxy/connect_grpc.go:103.2,104.16 2 0
github.com/padod/spark-session-operator/internal/proxy/connect_grpc.go:104.16,105.63 1 0
github.com/padod/spark-session-operator/internal/proxy/connect_grpc.go:105.63,108.22 3 0
github.com/padod/spark-session-operator/internal/proxy/connect_grpc.go:108.22,110.5 1 0
github.com/padod/spark-session-operator/internal/proxy/connect_grpc.go:115.2,115.24 1 0
github.com/padod/spark-session-operator/internal/proxy/connect_grpc.go:121.58,123.16 2 0
github.com/padod/spark-session-operator/internal/proxy/connect_grpc.go:123.16,125.3 1 0
github.com/padod/spark-session-operator/internal/proxy/connect_grpc.go:127.2,128.16 2 0
github.com/padod/spark-session-operator/internal/proxy/connect_grpc.go:128.16,130.3 1 0
github.com/padod/spark-session-operator/internal/proxy/connect_grpc.go:132.2,132.28 1 0
github.com/padod/spark-session-operator/internal/proxy/connect_grpc.go:137.80,139.25 2 0
github.com/padod/spark-session-operator/internal/proxy/connect_grpc.go:139.25,141.12 2 0
github.com/padod/spark-session-operator/internal/proxy/connect_grpc.go:141.12,143.4 1 0
github.com/padod/spark-session-operator/internal/proxy/connect_grpc.go:144.3,146.14 2 0
github.com/padod/spark-session-operator/internal/proxy/connect_grpc.go:147.29,148.45 1 0
github.com/padod/spark-session-operator/internal/proxy/connect_grpc.go:149.30,150.46 1 0
github.com/padod/spark-session-operator/internal/proxy/connect_grpc.go:151.30,152.46 1 0
github.com/padod/spark-session-operator/internal/proxy/connect_grpc.go:153.28,156.23 3 0
github.com/padod/spark-session-operator/internal/proxy/connect_grpc.go:156.23,158.5 1 0
github.com/padod/spark-session-operator/internal/proxy/connect_grpc.go:159.11,160.55 1 0
github.com/padod/spark-session-operator/internal/proxy/connect_grpc.go:163.3,163.12 1 0
github.com/padod/spark-session-operator/internal/proxy/connect_grpc.go:163.12,165.4 1 0
github.com/padod/spark-session-operator/internal/proxy/connect_grpc.go:166.3,166.28 1 0
github.com/padod/spark-session-operator/internal/proxy/connect_grpc.go:168.2,168.56 1 0
github.com/padod/spark-session-operator/internal/proxy/connect_grpc.go:173.75,175.21 2 0
github.com/padod/spark-session-operator/internal/proxy/connect_grpc.go:175.21,177.3 1 0
github.com/padod/spark-session-operator/internal/proxy/connect_grpc.go:179.2,180.45 2 0
github.com/padod/spark-session-operator/internal/proxy/connect_grpc.go:180.45,182.3 1 0
github.com/padod/spark-session-operator/internal/proxy/connect_grpc.go:184.2,185.16 2 0
github.com/padod/spark-session-operator/internal/proxy/connect_grpc.go:185.16,187.3 1 0
github.com/padod/spark-session-operator/internal/proxy/connect_grpc.go:189.2,190.9 2 0
github.com/padod/spark-session-operator/internal/proxy/connect_grpc.go:190.9,192.3 1 0
github.com/padod/spark-session-operator/internal/proxy/connect_grpc.go:193.2,196.20 3 0
github.com/padod/spark-session-operator/internal/proxy/connect_grpc.go:196.20,198.3 1 0
github.com/padod/spark-session-operator/internal/proxy/connect_grpc.go:200.2,200.32 1 0
github.com/padod/spark-session-operator/internal/proxy/connect_grpc.go:207.48,209.9 2 0
github.com/padod/spark-session-operator/internal/proxy/connect_grpc.go:209.9,211.3 1 0
github.com/padod/spark-session-operator/internal/proxy/connect_grpc.go:212.2,212.27 1 0
github.com/padod/spark-session-operator/internal/proxy/connect_grpc.go:215.53,217.9 2 0
github.com/padod/spark-session-operator/internal/proxy/connect_grpc.go:217.9,219.3 1 0
github.com/padod/spark-session-operator/internal/proxy/connect_grpc.go:220.2,221.12 2 0
github.com/padod/spark-session-operator/internal/proxy/connect_grpc.go:227.31,227.49 1 0
github.com/padod/spark-session-operator/internal/proxy/proxy.go:83.43,84.16 1 0
github.com/padod/spark-session-operator/internal/proxy/proxy.go:84.16,86.3 1 0
github.com/padod/spark-session-operator/internal/proxy/proxy.go:87.2,88.9 2 0
github.com/padod/spark-session-operator/internal/proxy/proxy.go:88.9,90.3 1 0
github.com/padod/spark-session-operator/internal/proxy/proxy.go:91.2,92.55 2 0
github.com/padod/spark-session-operator/internal/proxy/proxy.go:92.55,94.3 1 0
github.com/padod/spark-session-operator/internal/proxy/proxy.go:95.2,96.34 2 0
github.com/padod/spark-session-operator/internal/proxy/proxy.go:120.123,129.2 1 0
github.com/padod/spark-session-operator/internal/proxy/proxy.go:133.87,135.86 2 0
github.com/padod/spark-session-operator/internal/proxy/proxy.go:135.86,137.3 1 0
github.com/padod/spark-session-operator/internal/proxy/proxy.go:139.2,140.38 2 0
github.com/padod/spark-session-operator/internal/proxy/proxy.go:140.38,141.33 1 0
github.com/padod/spark-session-operator/internal/proxy/proxy.go:141.33,143.4 1 0
github.com/padod/spark-session-operator/internal/proxy/proxy.go:146.2,146.22 1 0
github.com/padod/spark-session-operator/internal/proxy/proxy.go:147.9,148.91 1 0
github.com/padod/spark-session-operator/internal/proxy/proxy.go:149.9,150.25 1 0
github.com/padod/spark-session-operator/internal/proxy/proxy.go:151.10,153.49 1 0
github.com/padod/spark-session-operator/internal/proxy/proxy.go:159.97,161.86 2 0
github.com/padod/spark-session-operator/internal/proxy/proxy.go:161.86,163.3 1 0
github.com/padod/spark-session-operator/internal/proxy/proxy.go:164.2,164.38 1 0
github.com/padod/spark-session-operator/internal/proxy/proxy.go:164.38,165.29 1 0
github.com/padod/spark-session-operator/internal/proxy/proxy.go:165.29,167.4 1 0
github.com/padod/spark-session-operator/internal/proxy/proxy.go:169.2,169.86 1 0
github.com/padod/spark-session-operator/internal/proxy/proxy.go:173.51,175.2 1 0
github.com/padod/spark-session-operator/internal/proxy/proxy.go:180.108,184.41 2 0
github.com/padod/spark-session-operator/internal/proxy/proxy.go:184.41,190.27 2 0
github.com/padod/spark-session-operator/internal/proxy/proxy.go:190.27,191.32 1 0
github.com/padod/spark-session-operator/internal/proxy/proxy.go:192.126,194.21 2 0
github.com/padod/spark-session-operator/internal/proxy/proxy.go:198.3,198.25 1 0
github.com/padod/spark-session-operator/internal/proxy/proxy.go:202.2,209.16 2 0
github.com/padod/spark-session-operator/internal/proxy/proxy.go:209.16,211.3 1 0
github.com/padod/spark-session-operator/internal/proxy/proxy.go:213.2,213.38 1 0
github.com/padod/spark-session-operator/internal/proxy/proxy.go:213.38,214.25 1 0
github.com/padod/spark-session-operator/internal/proxy/proxy.go:215.121,218.22 3 0
github.com/padod/spark-session-operator/internal/proxy/proxy.go:223.2,224.16 2 0
github.com/padod/spark-session-operator/internal/proxy/proxy.go:224.16,226.3 1 0
github.com/padod/spark-session-operator/internal/proxy/proxy.go:227.2,228.18 2 0
github.com/padod/spark-session-operator/internal/proxy/proxy.go:232.102,253.54 5 0
github.com/padod/spark-session-operator/internal/proxy/proxy.go:253.54,255.3 1 0
github.com/padod/spark-session-operator/internal/proxy/proxy.go:257.2,258.25 2 0
github.com/padod/spark-session-operator/internal/proxy/proxy.go:268.45,268.65 1 1
github.com/padod/spark-session-operator/internal/proxy/proxy.go:270.38,273.2 2 1
github.com/padod/spark-session-operator/internal/proxy/proxy.go:284.102,289.6 4 3
github.com/padod/spark-session-operator/internal/proxy/proxy.go:289.6,294.27 2 3
github.com/padod/spark-session-operator/internal/proxy/proxy.go:294.27,296.4 1 0
github.com/padod/spark-session-operator/internal/proxy/proxy.go:298.3,298.31 1 3
github.com/padod/spark-session-operator/internal/proxy/proxy.go:299.25,300.37 1 1
github.com/padod/spark-session-operator/internal/proxy/proxy.go:300.37,302.5 1 0
github.com/padod/spark-session-operator/internal/proxy/proxy.go:303.4,303.39 1 1
github.com/padod/spark-session-operator/internal/proxy/proxy.go:304.46,305.111 1 1
github.com/padod/spark-session-operator/internal/proxy/proxy.go:305.111,307.5 1 1
github.com/padod/spark-session-operator/internal/proxy/proxy.go:308.4,308.55 1 0
github.com/padod/spark-session-operator/internal/proxy/proxy.go:308.55,310.5 1 0
github.com/padod/spark-session-operator/internal/proxy/proxy.go:311.4,311.91 1 0
github.com/padod/spark-session-operator/internal/proxy/proxy.go:314.3,314.57 1 1
github.com/padod/spark-session-operator/internal/proxy/proxy.go:314.57,316.4 1 1
github.com/padod/spark-session-operator/internal/proxy/proxy.go:318.3,318.33 1 0
github.com/padod/spark-session-operator/internal/proxy/proxy.go:318.33,320.4 1 0
github.com/padod/spark-session-operator/internal/proxy/proxy.go:322.3,322.10 1 0
github.com/padod/spark-session-operator/internal/proxy/proxy.go:323.21,324.24 1 0
github.com/padod/spark-session-operator/internal/proxy/proxy.go:325.19,325.19 0 0
github.com/padod/spark-session-operator/internal/proxy/proxy.go:334.124,335.46 1 1
github.com/padod/spark-session-operator/internal/proxy/proxy.go:335.46,336.45 1 1
github.com/padod/spark-session-operator/internal/proxy/proxy.go:336.45,338.4 1 1
github.com/padod/spark-session-operator/internal/proxy/proxy.go:340.2,340.11 1 0
github.com/padod/spark-session-operator/internal/proxy/proxy.go:346.85,347.46 1 1
github.com/padod/spark-session-operator/internal/proxy/proxy.go:347.46,348.90 1 1
github.com/padod/spark-session-operator/internal/proxy/proxy.go:348.90,349.23 1 1
github.com/padod/spark-session-operator/internal/proxy/proxy.go:349.23,351.5 1 1
github.com/padod/spark-session-operator/internal/proxy/proxy.go:352.4,352.19 1 0
github.com/padod/spark-session-operator/internal/proxy/proxy.go:355.2,355.11 1 0
github.com/padod/spark-session-operator/internal/proxy/proxy.go:361.76,367.4 1 0
github.com/padod/spark-session-operator/internal/proxy/proxy.go:367.4,368.47 1 0
github.com/padod/spark-session-operator/internal/proxy/proxy.go:368.47,369.74 1 0
github.com/padod/spark-session-operator/internal/proxy/proxy.go:369.74,371.5 1 0
github.com/padod/spark-session-operator/internal/proxy/proxy.go:372.4,372.75 1 0
github.com/padod/spark-session-operator/internal/proxy/proxy.go:372.75,374.5 1 0
github.com/padod/spark-session-operator/internal/proxy/proxy.go:377.2,377.11 1 0
github.com/padod/spark-session-operator/internal/proxy/proxy.go:381.90,386.26 2 1
github.com/padod/spark-session-operator/internal/proxy/proxy.go:386.26,388.3 1 1
github.com/padod/spark-session-operator/internal/proxy/proxy.go:390.2,392.36 3 0
github.com/padod/spark-session-operator/internal/proxy/proxy.go:392.36,394.3 1 0
github.com/padod/spark-session-operator/internal/proxy/proxy.go:396.2,396.63 1 0
github.com/padod/spark-session-operator/internal/proxy/proxy.go:396.63,398.3 1 0
github.com/padod/spark-session-operator/internal/proxy/proxy.go:399.2,399.12 1 0
github.com/padod/spark-session-operator/internal/proxy/proxy.go:406.85,416.12 4 0
github.com/padod/spark-session-operator/internal/proxy/proxy.go:416.12,417.80 1 0
github.com/padod/spark-session-operator/internal/proxy/proxy.go:417.80,420.4 2 0
github.com/padod/spark-session-operator/internal/proxy/proxy.go:421.3,421.18 1 0
github.com/padod/spark-session-operator/internal/proxy/proxy.go:424.2,424.9 1 0
github.com/padod/spark-session-operator/internal/proxy/proxy.go:425.20,429.54 4 0
github.com/padod/spark-session-operator/internal/proxy/proxy.go:429.54,432.4 2 0
github.com/padod/spark-session-operator/internal/proxy/proxy.go:433.3,433.13 1 0
github.com/padod/spark-session-operator/internal/proxy/proxy.go:434.25,435.13 1 0
github.com/padod/spark-session-operator/internal/proxy/proxy.go:442.88,447.22 3 0
github.com/padod/spark-session-operator/internal/proxy/proxy.go:447.22,450.3 2 0
github.com/padod/spark-session-operator/internal/proxy/proxy.go:451.2,452.16 2 0
github.com/padod/spark-session-operator/internal/proxy/proxy.go:452.16,456.3 3 0
github.com/padod/spark-session-operator/internal/proxy/proxy.go:459.2,460.16 2 0
github.com/padod/spark-session-operator/internal/proxy/proxy.go:460.16,464.3 3 0
github.com/padod/spark-session-operator/internal/proxy/proxy.go:466.2,470.16 3 0
github.com/padod/spark-session-operator/internal/proxy/proxy.go:470.16,472.3 1 0
github.com/padod/spark-session-operator/internal/proxy/proxy.go:473.2,473.50 1 0
github.com/padod/spark-session-operator/internal/proxy/proxy.go:473.50,475.3 1 0
github.com/padod/spark-session-operator/internal/proxy/proxy.go:477.2,478.16 2 0
github.com/padod/spark-session-operator/internal/proxy/proxy.go:478.16,481.17 3 0
github.com/padod/spark-session-operator/internal/proxy/proxy.go:481.17,485.4 3 0
github.com/padod/spark-session-operator/internal/proxy/proxy.go:486.3,486.27 1 0
github.com/padod/spark-session-operator/internal/proxy/proxy.go:486.27,490.4 3 0
github.com/padod/spark-session-operator/internal/proxy/proxy.go:491.8,493.17 2 0
github.com/padod/spark-session-operator/internal/proxy/proxy.go:493.17,497.4 3 0
github.com/padod/spark-session-operator/internal/proxy/proxy.go:501.2,502.16 2 0
github.com/padod/spark-session-operator/internal/proxy/proxy.go:502.16,506.3 3 0
github.com/padod/spark-session-operator/internal/proxy/proxy.go:509.2,510.16 2 0
github.com/padod/spark-session-operator/internal/proxy/proxy.go:510.16,512.27 2 0
github.com/padod/spark-session-operator/internal/proxy/proxy.go:512.27,515.4 2 0
github.com/padod/spark-session-operator/internal/proxy/proxy.go:516.3,517.9 2 0
github.com/padod/spark-session-operator/internal/proxy/proxy.go:521.2,532.37 3 0
github.com/padod/spark-session-operator/internal/proxy/proxy.go:532.37,538.4 5 0
github.com/padod/spark-session-operator/internal/proxy/proxy.go:544.76,550.4 4 0
github.com/padod/spark-session-operator/internal/proxy/proxy.go:553.2,556.63 2 0
github.com/padod/spark-session-operator/internal/proxy/proxy.go:556.63,558.3 1 0
github.com/padod/spark-session-operator/internal/proxy/proxy.go:560.2,560.20 1 0
github.com/padod/spark-session-operator/internal/proxy/proxy.go:564.97,565.52 1 0
github.com/padod/spark-session-operator/internal/proxy/proxy.go:565.52,567.3 1 0
github.com/padod/spark-session-operator/internal/proxy/proxy.go:569.2,570.16 2 0
github.com/padod/spark-session-operator/internal/proxy/proxy.go:570.16,572.3 1 0
github.com/padod/spark-session-operator/internal/proxy/proxy.go:574.2,575.22 2 0
github.com/padod/spark-session-operator/internal/proxy/proxy.go:582.63,584.2 1 2
github.com/padod/spark-session-operator/internal/proxy/proxy.go:588.57,589.20 1 0
github.com/padod/spark-session-operator/internal/proxy/proxy.go:589.20,591.3 1 0
github.com/padod/spark-session-operator/internal/proxy/proxy.go:592.2,592.16 1 0
github.com/padod/spark-session-operator/internal/proxy/proxy.go:601.95,606.117 4 3
github.com/padod/spark-session-operator/internal/proxy/proxy.go:606.117,608.3 1 0
github.com/padod/spark-session-operator/internal/proxy/proxy.go:609.2,609.43 1 3
github.com/padod/spark-session-operator/internal/proxy/proxy.go:609.43,611.3 1 0
github.com/padod/spark-session-operator/internal/proxy/proxy.go:613.2,617.22 2 3
github.com/padod/spark-session-operator/internal/proxy/proxy.go:617.22,619.3 1 0
github.com/padod/spark-session-operator/internal/proxy/proxy.go:622.2,622.29 1 3
github.com/padod/spark-session-operator/internal/proxy/proxy.go:622.29,624.3 1 1
github.com/padod/spark-session-operator/internal/proxy/proxy.go:628.2,628.50 1 2
github.com/padod/spark-session-operator/internal/proxy/proxy.go:628.50,629.69 1 1
github.com/padod/spark-session-operator/internal/proxy/proxy.go:629.69,631.4 1 0
github.com/padod/spark-session-operator/internal/proxy/proxy.go:632.3,632.99 1 1
github.com/padod/spark-session-operator/internal/proxy/proxy.go:632.99,634.4 1 1
github.com/padod/spark-session-operator/internal/proxy/proxy.go:636.2,636.11 1 1
github.com/padod/spark-session-operator/internal/proxy/proxy.go:641.102,644.16 3 1
github.com/padod/spark-session-operator/internal/proxy/proxy.go:644.16,646.3 1 0
github.com/padod/spark-session-operator/internal/proxy/proxy.go:647.2,648.22 2 1
github.com/padod/spark-session-operator/internal/proxy/proxy.go:654.82,656.16 2 0
github.com/padod/spark-session-operator/internal/proxy/proxy.go:656.16,658.3 1 0
github.com/padod/spark-session-operator/internal/proxy/proxy.go:660.2,676.12 4 0
github.com/padod/spark-session-operator/internal/proxy/proxy.go:676.12,677.80 1 0
github.com/padod/spark-session-operator/internal/proxy/proxy.go:677.80,680.4 2 0
github.com/padod/spark-session-operator/internal/proxy/proxy.go:681.3,681.18 1 0
github.com/padod/spark-session-operator/internal/proxy/proxy.go:684.2,684.9 1 0
github.com/padod/spark-session-operator/internal/proxy/proxy.go:685.20,689.13 2 0
github.com/padod/spark-session-operator/internal/proxy/proxy.go:689.13,692.4 2 0
github.com/padod/spark-session-operator/internal/proxy/proxy.go:693.3,694.10 2 0
github.com/padod/spark-session-operator/internal/proxy/proxy.go:695.15,696.14 1 0
github.com/padod/spark-session-operator/internal/proxy/proxy.go:697.43,701.14 4 0
github.com/padod/spark-session-operator/internal/proxy/proxy.go:703.25,704.13 1 0
github.com/padod/spark-session-operator/internal/proxy/proxy.go:713.132,716.20 3 0
github.com/padod/spark-session-operator/internal/proxy/proxy.go:716.20,721.56 2 0
github.com/padod/spark-session-operator/internal/proxy/proxy.go:721.56,724.4 2 0
github.com/padod/spark-session-operator/internal/proxy/proxy.go:725.3,727.22 3 0
github.com/padod/spark-session-operator/internal/proxy/proxy.go:727.22,731.4 2 0
github.com/padod/spark-session-operator/internal/proxy/proxy.go:734.2,735.16 2 0
github.com/padod/spark-session-operator/internal/proxy/proxy.go:735.16,738.3 2 0
github.com/padod/spark-session-operator/internal/proxy/proxy.go:739.2,739.32 1 0
github.com/padod/spark-session-operator/internal/proxy/proxy.go:747.80,749.53 2 0
github.com/padod/spark-session-operator/internal/proxy/proxy.go:749.53,750.56 1 0
github.com/padod/spark-session-operator/internal/proxy/proxy.go:750.56,752.4 1 0
github.com/padod/spark-session-operator/internal/proxy/proxy.go:752.9,752.57 1 0
github.com/padod/spark-session-operator/internal/proxy/proxy.go:752.57,754.4 1 0
github.com/padod/spark-session-operator/internal/proxy/proxy.go:756.2,756.50 1 0
github.com/padod/spark-session-operator/internal/proxy/proxy.go:756.50,758.3 1 0
github.com/padod/spark-session-operator/internal/proxy/proxy.go:759.2,761.16 2 0
github.com/padod/spark-session-operator/internal/proxy/proxy.go:761.16,763.17 2 0
github.com/padod/spark-session-operator/internal/proxy/proxy.go:763.17,765.4 1 0
github.com/padod/spark-session-operator/internal/proxy/proxy.go:766.3,766.23 1 0
github.com/padod/spark-session-operator/internal/proxy/proxy.go:769.2,770.16 2 0
github.com/padod/spark-session-operator/internal/proxy/proxy.go:770.16,772.3 1 0
github.com/padod/spark-session-operator/internal/proxy/proxy.go:773.2,773.27 1 0
github.com/padod/spark-session-operator/internal/proxy/proxy.go:773.27,775.3 1 0
github.com/padod/spark-session-operator/internal/proxy/proxy.go:776.2,776.22 1 0
github.com/padod/spark-session-operator/internal/proxy/proxy.go:787.137,797.16 2 0
github.com/padod/spark-session-operator/internal/proxy/proxy.go:797.16,799.3 1 0
github.com/padod/spark-session-operator/internal/proxy/proxy.go:801.2,805.16 2 0
github.com/padod/spark-session-operator/internal/proxy/proxy.go:805.16,808.3 2 0
github.com/padod/spark-session-operator/internal/proxy/proxy.go:809.2,809.40 1 0
github.com/padod/spark-session-operator/internal/proxy/proxy.go:813.89,817.16 3 0
github.com/padod/spark-session-operator/internal/proxy/proxy.go:817.16,819.3 1 0
github.com/padod/spark-session-operator/internal/proxy/proxy.go:820.2,823.16 3 0
github.com/padod/spark-session-operator/internal/proxy/proxy.go:823.16,826.3 2 0
github.com/padod/spark-session-operator/internal/proxy/proxy.go:828.2,829.16 2 0
github.com/padod/spark-session-operator/internal/proxy/proxy.go:829.16,832.3 2 0
github.com/padod/spark-session-operator/internal/proxy/proxy.go:834.2,835.16 2 0
github.com/padod/spark-session-operator/internal/proxy/proxy.go:835.16,837.27 2 0
github.com/padod/spark-session-operator/internal/proxy/proxy.go:837.27,839.4 1 0
github.com/padod/spark-session-operator/internal/proxy/proxy.go:840.3,840.86 1 0
github.com/padod/spark-session-operator/internal/proxy/proxy.go:843.2,844.9 2 0
github.com/padod/spark-session-operator/internal/proxy/proxy.go:844.9,846.3 1 0
github.com/padod/spark-session-operator/internal/proxy/proxy.go:851.2,855.16 4 0
github.com/padod/spark-session-operator/internal/proxy/proxy.go:855.16,858.24 3 0
github.com/padod/spark-session-operator/internal/proxy/proxy.go:858.24,861.4 2 0
github.com/padod/spark-session-operator/internal/proxy/proxy.go:862.3,864.17 3 0
github.com/padod/spark-session-operator/internal/proxy/proxy.go:864.17,867.4 2 0
github.com/padod/spark-session-operator/internal/proxy/proxy.go:869.2,869.15 1 0
github.com/padod/spark-session-operator/internal/proxy/proxy.go:869.15,869.42 1 0
github.com/padod/spark-session-operator/internal/proxy/proxy.go:871.2,875.21 2 0
github.com/padod/spark-session-operator/internal/proxy/proxy.go:875.21,876.57 1 0
github.com/padod/spark-session-operator/internal/proxy/proxy.go:876.57,879.4 2 0
github.com/padod/spark-session-operator/internal/proxy/proxy.go:883.2,891.12 5 0
github.com/padod/spark-session-operator/internal/proxy/proxy.go:891.12,892.7 1 0
github.com/padod/spark-session-operator/internal/proxy/proxy.go:892.7,894.54 2 0
github.com/padod/spark-session-operator/internal/proxy/proxy.go:894.54,895.22 1 0
github.com/padod/spark-session-operator/internal/proxy/proxy.go:895.22,899.6 3 0
github.com/padod/spark-session-operator/internal/proxy/proxy.go:900.5,901.11 2 0
github.com/padod/spark-session-operator/internal/proxy/proxy.go:903.4,903.55 1 0
github.com/padod/spark-session-operator/internal/proxy/proxy.go:903.55,906.5 2 0
github.com/padod/spark-session-operator/internal/proxy/proxy.go:911.2,911.12 1 0
github.com/padod/spark-session-operator/internal/proxy/proxy.go:911.12,912.7 1 0
github.com/padod/spark-session-operator/internal/proxy/proxy.go:912.7,914.55 2 0
github.com/padod/spark-session-operator/internal/proxy/proxy.go:914.55,915.22 1 0
github.com/padod/spark-session-operator/internal/proxy/proxy.go:915.22,918.6 2 0
github.com/padod/spark-session-operator/internal/proxy/proxy.go:919.5,920.11 2 0
github.com/padod/spark-session-operator/internal/proxy/proxy.go:922.4,922.54 1 0
github.com/padod/spark-session-operator/internal/proxy/proxy.go:922.54,925.5 2 0
github.com/padod/spark-session-operator/internal/proxy/proxy.go:930.2,930.14 1 0
github.com/padod/spark-session-operator/internal/proxy/proxy.go:930.14,931.33 1 0
github.com/padod/spark-session-operator/internal/proxy/proxy.go:931.33,934.4 2 0
github.com/padod/spark-session-operator/internal/proxy/proxy.go:937.2,937.12 1 0
github.com/padod/spark-session-operator/internal/proxy/proxy.go:949.78,953.6 3 0
github.com/padod/spark-session-operator/internal/proxy/proxy.go:953.6,954.10 1 0
github.com/padod/spark-session-operator/internal/proxy/proxy.go:955.21,956.10 1 0
github.com/padod/spark-session-operator/internal/proxy/proxy.go:957.19,961.18 4 0
github.com/padod/spark-session-operator/internal/proxy/proxy.go:961.18,962.13 1 0
github.com/padod/spark-session-operator/internal/proxy/proxy.go:964.4,964.33 1 0
github.com/padod/spark-session-operator/internal/proxy/proxy.go:964.33,967.5 2 0
github.com/padod/spark-session-operator/internal/proxy/proxy.go:968.4,968.71 1 0
github.com/padod/spark-session-operator/internal/controller/sparkinteractivesession_controller.go:77.115,85.64 4 1
github.com/padod/spark-session-operator/internal/controller/sparkinteractivesession_controller.go:85.64,86.29 1 0
github.com/padod/spark-session-operator/internal/controller/sparkinteractivesession_controller.go:86.29,88.4 1 0
github.com/padod/spark-session-operator/internal/controller/sparkinteractivesession_controller.go:89.3,89.28 1 0
github.com/padod/spark-session-operator/internal/controller/sparkinteractivesession_controller.go:92.2,92.41 1 1
github.com/padod/spark-session-operator/internal/controller/sparkinteractivesession_controller.go:92.41,94.3 1 0
github.com/padod/spark-session-operator/internal/controller/sparkinteractivesession_controller.go:96.2,96.66 1 1
github.com/padod/spark-session-operator/internal/controller/sparkinteractivesession_controller.go:96.66,98.48 2 1
github.com/padod/spark-session-operator/internal/controller/sparkinteractivesession_controller.go:98.48,100.4 1 0
github.com/padod/spark-session-operator/internal/controller/sparkinteractivesession_controller.go:103.2,103.30 1 1
github.com/padod/spark-session-operator/internal/controller/sparkinteractivesession_controller.go:104.45,105.39 1 1
github.com/padod/spark-session-operator/internal/controller/sparkinteractivesession_controller.go:106.72,107.38 1 0
github.com/padod/spark-session-operator/internal/controller/sparkinteractivesession_controller.go:108.45,109.43 1 0
github.com/padod/spark-session-operator/internal/controller/sparkinteractivesession_controller.go:110.78,111.28 1 0
github.com/padod/spark-session-operator/internal/controller/sparkinteractivesession_controller.go:114.2,114.27 1 0
github.com/padod/spark-session-operator/internal/controller/sparkinteractivesession_controller.go:120.24,122.54 2 1
github.com/padod/spark-session-operator/internal/controller/sparkinteractivesession_controller.go:122.54,132.3 4 1
github.com/padod/spark-session-operator/internal/controller/sparkinteractivesession_controller.go:134.2,135.16 2 0
github.com/padod/spark-session-operator/internal/controller/sparkinteractivesession_controller.go:135.16,141.81 2 0
github.com/padod/spark-session-operator/internal/controller/sparkinteractivesession_controller.go:141.81,143.70 2 0
github.com/padod/spark-session-operator/internal/controller/sparkinteractivesession_controller.go:143.70,145.5 1 0
github.com/padod/spark-session-operator/internal/controller/sparkinteractivesession_controller.go:147.3,147.58 1 0
github.com/padod/spark-session-operator/internal/controller/sparkinteractivesession_controller.go:155.2,155.70 1 0
github.com/padod/spark-session-operator/internal/controller/sparkinteractivesession_controller.go:155.70,157.80 2 0
github.com/padod/spark-session-operator/internal/controller/sparkinteractivesession_controller.go:157.80,159.4 1 0
github.com/padod/spark-session-operator/internal/controller/sparkinteractivesession_controller.go:160.3,160.90 1 0
github.com/padod/spark-session-operator/internal/controller/sparkinteractivesession_controller.go:160.90,162.4 1 0
github.com/padod/spark-session-operator/internal/controller/sparkinteractivesession_controller.go:163.3,170.39 8 0
github.com/padod/spark-session-operator/internal/controller/sparkinteractivesession_controller.go:173.2,174.62 2 0
github.com/padod/spark-session-operator/internal/controller/sparkinteractivesession_controller.go:187.3,198.16 4 1
github.com/padod/spark-session-operator/internal/controller/sparkinteractivesession_controller.go:198.16,209.3 3 0
github.com/padod/spark-session-operator/internal/controller/sparkinteractivesession_controller.go:211.2,212.33 2 1
github.com/padod/spark-session-operator/internal/controller/sparkinteractivesession_controller.go:212.33,215.16 3 1
github.com/padod/spark-session-operator/internal/controller/sparkinteractivesession_controller.go:216.28,218.20 2 1
github.com/padod/spark-session-operator/internal/controller/sparkinteractivesession_controller.go:218.20,220.5 1 1
github.com/padod/spark-session-operator/internal/controller/sparkinteractivesession_controller.go:221.41,223.57 1 0
github.com/padod/spark-session-operator/internal/controller/sparkinteractivesession_controller.go:227.2,231.9 2 1
github.com/padod/spark-session-operator/internal/controller/sparkinteractivesession_controller.go:232.23,234.27 2 1
github.com/padod/spark-session-operator/internal/controller/sparkinteractivesession_controller.go:235.24,237.28 2 0
github.com/padod/spark-session-operator/internal/controller/sparkinteractivesession_controller.go:238.10,240.35 2 0
github.com/padod/spark-session-operator/internal/controller/sparkinteractivesession_controller.go:242.2,242.62 1 1
github.com/padod/spark-session-operator/internal/controller/sparkinteractivesession_controller.go:248.24,254.23 3 0
github.com/padod/spark-session-operator/internal/controller/sparkinteractivesession_controller.go:254.23,255.29 1 0
github.com/padod/spark-session-operator/internal/controller/sparkinteractivesession_controller.go:255.29,258.4 2 0
github.com/padod/spark-session-operator/internal/controller/sparkinteractivesession_controller.go:259.3,259.28 1 0
github.com/padod/spark-session-operator/internal/controller/sparkinteractivesession_controller.go:262.2,263.45 2 0
github.com/padod/spark-session-operator/internal/controller/sparkinteractivesession_controller.go:263.45,264.103 1 0
github.com/padod/spark-session-operator/internal/controller/sparkinteractivesession_controller.go:264.103,266.9 2 0
github.com/padod/spark-session-operator/internal/controller/sparkinteractivesession_controller.go:270.2,270.20 1 0
github.com/padod/spark-session-operator/internal/controller/sparkinteractivesession_controller.go:270.20,286.3 4 0
github.com/padod/spark-session-operator/internal/controller/sparkinteractivesession_controller.go:288.2,289.22 2 0
github.com/padod/spark-session-operator/internal/controller/sparkinteractivesession_controller.go:289.22,291.3 1 0
github.com/padod/spark-session-operator/internal/controller/sparkinteractivesession_controller.go:293.2,293.42 1 0
github.com/padod/spark-session-operator/internal/controller/sparkinteractivesession_controller.go:293.42,295.33 2 0
github.com/padod/spark-session-operator/internal/controller/sparkinteractivesession_controller.go:295.33,302.4 3 0
github.com/padod/spark-session-operator/internal/controller/sparkinteractivesession_controller.go:304.3,304.96 1 0
github.com/padod/spark-session-operator/internal/controller/sparkinteractivesession_controller.go:304.96,306.58 2 0
github.com/padod/spark-session-operator/internal/controller/sparkinteractivesession_controller.go:306.58,308.5 1 0
github.com/padod/spark-session-operator/internal/controller/sparkinteractivesession_controller.go:313.2,313.56 1 0
github.com/padod/spark-session-operator/internal/controller/sparkinteractivesession_controller.go:319.24,325.2 4 0
github.com/padod/spark-session-operator/internal/controller/sparkinteractivesession_controller.go:330.24,332.65 2 0
github.com/padod/spark-session-operator/internal/controller/sparkinteractivesession_controller.go:332.65,335.48 3 0
github.com/padod/spark-session-operator/internal/controller/sparkinteractivesession_controller.go:335.48,337.4 1 0
github.com/padod/spark-session-operator/internal/controller/sparkinteractivesession_controller.go:339.2,339.27 1 0
github.com/padod/spark-session-operator/internal/controller/sparkinteractivesession_controller.go:345.9,351.23 2 1
github.com/padod/spark-session-operator/internal/controller/sparkinteractivesession_controller.go:351.23,353.3 1 1
github.com/padod/spark-session-operator/internal/controller/sparkinteractivesession_controller.go:360.2,361.98 2 0
github.com/padod/spark-session-operator/internal/controller/sparkinteractivesession_controller.go:361.98,363.3 1 0
github.com/padod/spark-session-operator/internal/controller/sparkinteractivesession_controller.go:365.2,367.38 3 0
github.com/padod/spark-session-operator/internal/controller/sparkinteractivesession_controller.go:367.38,368.39 1 0
github.com/padod/spark-session-operator/internal/controller/sparkinteractivesession_controller.go:368.39,369.12 1 0
github.com/padod/spark-session-operator/internal/controller/sparkinteractivesession_controller.go:371.3,371.29 1 0
github.com/padod/spark-session-operator/internal/controller/sparkinteractivesession_controller.go:371.29,372.12 1 0
github.com/padod/spark-session-operator/internal/controller/sparkinteractivesession_controller.go:374.3,376.56 1 0
github.com/padod/spark-session-operator/internal/controller/sparkinteractivesession_controller.go:376.56,378.40 2 0
github.com/padod/spark-session-operator/internal/controller/sparkinteractivesession_controller.go:378.40,380.5 1 0
github.com/padod/spark-session-operator/internal/controller/sparkinteractivesession_controller.go:385.2,386.55 2 0
github.com/padod/spark-session-operator/internal/controller/sparkinteractivesession_controller.go:386.55,387.39 1 0
github.com/padod/spark-session-operator/internal/controller/sparkinteractivesession_controller.go:387.39,388.62 1 0
github.com/padod/spark-session-operator/internal/controller/sparkinteractivesession_controller.go:388.62,390.5 1 0
github.com/padod/spark-session-operator/internal/controller/sparkinteractivesession_controller.go:394.2,394.54 1 0
github.com/padod/spark-session-operator/internal/controller/sparkinteractivesession_controller.go:394.54,396.3 1 0
github.com/padod/spark-session-operator/internal/controller/sparkinteractivesession_controller.go:399.2,399.115 1 0
github.com/padod/spark-session-operator/internal/controller/sparkinteractivesession_controller.go:399.115,401.3 1 0
github.com/padod/spark-session-operator/internal/controller/sparkinteractivesession_controller.go:403.2,403.12 1 0
github.com/padod/spark-session-operator/internal/controller/sparkinteractivesession_controller.go:409.27,414.23 2 0
github.com/padod/spark-session-operator/internal/controller/sparkinteractivesession_controller.go:414.23,416.3 1 0
github.com/padod/spark-session-operator/internal/controller/sparkinteractivesession_controller.go:419.2,422.39 3 0
github.com/padod/spark-session-operator/internal/controller/sparkinteractivesession_controller.go:422.39,424.55 2 0
github.com/padod/spark-session-operator/internal/controller/sparkinteractivesession_controller.go:424.55,425.12 1 0
github.com/padod/spark-session-operator/internal/controller/sparkinteractivesession_controller.go:427.3,427.41 1 0
github.com/padod/spark-session-operator/internal/controller/sparkinteractivesession_controller.go:427.41,430.4 2 0
github.com/padod/spark-session-operator/internal/controller/sparkinteractivesession_controller.go:433.2,433.25 1 0
github.com/padod/spark-session-operator/internal/controller/sparkinteractivesession_controller.go:433.25,435.3 1 0
github.com/padod/spark-session-operator/internal/controller/sparkinteractivesession_controller.go:437.2,438.24 2 0
[...]
github.com/padod/spark-session-operator/internal/controller/sparksessionpool_controller.go:261.2,261.54 1 3
github.com/padod/spark-session-operator/internal/controller/sparksessionpool_controller.go:261.54,264.69 3 0
github.com/padod/spark-session-operator/internal/controller/sparksessionpool_controller.go:264.69,267.4 2 0
github.com/padod/spark-session-operator/internal/controller/sparksessionpool_controller.go:270.2,270.12 1 3
github.com/padod/spark-session-operator/internal/controller/sparksessionpool_controller.go:282.9,285.33 3 3
github.com/padod/spark-session-operator/internal/controller/sparksessionpool_controller.go:285.33,286.54 1 0
github.com/padod/spark-session-operator/internal/controller/sparksessionpool_controller.go:286.54,287.12 1 0
github.com/padod/spark-session-operator/internal/controller/sparksessionpool_controller.go:289.3,290.82 2 0
github.com/padod/spark-session-operator/internal/controller/sparksessionpool_controller.go:290.82,293.12 3 0
github.com/padod/spark-session-operator/internal/controller/sparksessionpool_controller.go:295.3,295.57 1 0
github.com/padod/spark-session-operator/internal/controller/sparksessionpool_controller.go:295.57,298.4 2 0
github.com/padod/spark-session-operator/internal/controller/sparksessionpool_controller.go:300.2,300.38 1 3
github.com/padod/spark-session-operator/internal/controller/sparksessionpool_controller.go:310.9,312.23 2 3
github.com/padod/spark-session-operator/internal/controller/sparksessionpool_controller.go:312.23,314.3 1 0
github.com/padod/spark-session-operator/internal/controller/sparksessionpool_controller.go:317.2,321.21 3 3
github.com/padod/spark-session-operator/internal/controller/sparksessionpool_controller.go:322.73,324.18 2 0
github.com/padod/spark-session-operator/internal/controller/sparksessionpool_controller.go:324.18,326.4 1 0
github.com/padod/spark-session-operator/internal/controller/sparksessionpool_controller.go:328.3,329.17 2 0
github.com/padod/spark-session-operator/internal/controller/sparksessionpool_controller.go:329.17,332.4 1 0
github.com/padod/spark-session-operator/internal/controller/sparksessionpool_controller.go:332.9,332.30 1 0
github.com/padod/spark-session-operator/internal/controller/sparksessionpool_controller.go:332.30,335.4 1 0
github.com/padod/spark-session-operator/internal/controller/sparksessionpool_controller.go:337.10,339.18 2 3
github.com/padod/spark-session-operator/internal/controller/sparksessionpool_controller.go:339.18,341.4 1 0
github.com/padod/spark-session-operator/internal/controller/sparksessionpool_controller.go:343.3,343.28 1 3
github.com/padod/spark-session-operator/internal/controller/sparksessionpool_controller.go:343.28,345.4 1 0
github.com/padod/spark-session-operator/internal/controller/sparksessionpool_controller.go:347.3,348.28 2 3
github.com/padod/spark-session-operator/internal/controller/sparksessionpool_controller.go:348.28,350.4 1 0
github.com/padod/spark-session-operator/internal/controller/sparksessionpool_controller.go:353.3,353.23 1 3
github.com/padod/spark-session-operator/internal/controller/sparksessionpool_controller.go:353.23,355.58 2 0
github.com/padod/spark-session-operator/internal/controller/sparksessionpool_controller.go:355.58,357.5 1 0
github.com/padod/spark-session-operator/internal/controller/sparksessionpool_controller.go:363.2,363.41 1 3
github.com/padod/spark-session-operator/internal/controller/sparksessionpool_controller.go:363.41,365.3 1 0
github.com/padod/spark-session-operator/internal/controller/sparksessionpool_controller.go:367.2,367.79 1 3
github.com/padod/spark-session-operator/internal/controller/sparksessionpool_controller.go:370.51,371.19 1 3
github.com/padod/spark-session-operator/internal/controller/sparksessionpool_controller.go:371.19,373.3 1 0
github.com/padod/spark-session-operator/internal/controller/sparksessionpool_controller.go:374.2,374.19 1 3
github.com/padod/spark-session-operator/internal/controller/sparksessionpool_controller.go:374.19,376.3 1 0
github.com/padod/spark-session-operator/internal/controller/sparksessionpool_controller.go:377.2,377.16 1 3
github.com/padod/spark-session-operator/internal/controller/sparksessionpool_controller.go:387.20,391.33 3 0
github.com/padod/spark-session-operator/internal/controller/sparksessionpool_controller.go:391.33,392.55 1 0
github.com/padod/spark-session-operator/internal/controller/sparksessionpool_controller.go:392.55,393.12 1 0
github.com/padod/spark-session-operator/internal/controller/sparksessionpool_controller.go:396.3,401.99 4 0
github.com/padod/spark-session-operator/internal/controller/sparksessionpool_controller.go:401.99,403.12 2 0
github.com/padod/spark-session-operator/internal/controller/sparksessionpool_controller.go:407.3,408.17 2 0
github.com/padod/spark-session-operator/internal/controller/sparksessionpool_controller.go:408.17,410.12 2 0
github.com/padod/spark-session-operator/internal/controller/sparksessionpool_controller.go:414.3,416.51 3 0
github.com/padod/spark-session-operator/internal/controller/sparksessionpool_controller.go:416.51,417.23 1 0
github.com/padod/spark-session-operator/internal/controller/sparksessionpool_controller.go:418.15,419.67 1 0
github.com/padod/spark-session-operator/internal/controller/sparksessionpool_controller.go:420.18,421.70 1 0
github.com/padod/spark-session-operator/internal/controller/sparksessionpool_controller.go:425.3,425.49 1 0
github.com/padod/spark-session-operator/internal/controller/sparksessionpool_controller.go:425.49,427.11 2 0
github.com/padod/spark-session-operator/internal/controller/sparksessionpool_controller.go:427.11,428.13 1 0
github.com/padod/spark-session-operator/internal/controller/sparksessionpool_controller.go:430.4,433.23 3 0
github.com/padod/spark-session-operator/internal/controller/sparksessionpool_controller.go:434.15,435.59 1 0
github.com/padod/spark-session-operator/internal/controller/sparksessionpool_controller.go:436.18,437.62 1 0
github.com/padod/spark-session-operator/internal/controller/sparksessionpool_controller.go:439.4,439.26 1 0
github.com/padod/spark-session-operator/internal/controller/sparksessionpool_controller.go:442.3,442.30 1 0
github.com/padod/spark-session-operator/internal/controller/sparksessionpool_controller.go:442.30,446.4 3 0
github.com/padod/spark-session-operator/internal/controller/sparksessionpool_controller.go:449.2,449.23 1 0
github.com/padod/spark-session-operator/internal/controller/sparksessionpool_controller.go:449.23,451.3 1 0
github.com/padod/spark-session-operator/internal/controller/sparksessionpool_controller.go:453.2,453.47 1 0
github.com/padod/spark-session-operator/internal/controller/sparksessionpool_controller.go:456.94,457.38 1 0
github.com/padod/spark-session-operator/internal/controller/sparksessionpool_controller.go:457.38,459.3 1 0
github.com/padod/spark-session-operator/internal/controller/sparksessionpool_controller.go:460.2,461.19 2 0
github.com/padod/spark-session-operator/internal/controller/sparksessionpool_controller.go:461.19,463.3 1 0
github.com/padod/spark-session-operator/internal/controller/sparksessionpool_controller.go:464.2,464.62 1 0
github.com/padod/spark-session-operator/internal/controller/sparksessionpool_controller.go:472.9,477.33 3 0
github.com/padod/spark-session-operator/internal/controller/sparksessionpool_controller.go:477.33,478.23 1 0
github.com/padod/spark-session-operator/internal/controller/sparksessionpool_controller.go:478.23,479.9 1 0
github.com/padod/spark-session-operator/internal/controller/sparksessionpool_controller.go:481.3,481.55 1 0
github.com/padod/spark-session-operator/internal/controller/sparksessionpool_controller.go:481.55,482.12 1 0
github.com/padod/spark-session-operator/internal/controller/sparksessionpool_controller.go:484.3,484.72 1 0
github.com/padod/spark-session-operator/internal/controller/sparksessionpool_controller.go:484.72,488.12 2 0
github.com/padod/spark-session-operator/internal/controller/sparksessionpool_controller.go:490.3,496.103 2 0
github.com/padod/spark-session-operator/internal/controller/sparksessionpool_controller.go:496.103,498.4 1 0
github.com/padod/spark-session-operator/internal/controller/sparksessionpool_controller.go:499.3,499.82 1 0
github.com/padod/spark-session-operator/internal/controller/sparksessionpool_controller.go:499.82,501.4 1 0
github.com/padod/spark-session-operator/internal/controller/sparksessionpool_controller.go:502.3,502.12 1 0
github.com/padod/spark-session-operator/internal/controller/sparksessionpool_controller.go:505.2,507.12 3 0
github.com/padod/spark-session-operator/internal/controller/sparksessionpool_controller.go:513.9,538.52 9 0
github.com/padod/spark-session-operator/internal/controller/sparksessionpool_controller.go:538.52,540.95 2 0
github.com/padod/spark-session-operator/internal/controller/sparksessionpool_controller.go:540.95,542.4 1 0
github.com/padod/spark-session-operator/internal/controller/sparksessionpool_controller.go:543.3,543.87 1 0
github.com/padod/spark-session-operator/internal/controller/sparksessionpool_controller.go:543.87,545.4 1 0
github.com/padod/spark-session-operator/internal/controller/sparksessionpool_controller.go:549.2,559.32 4 0
github.com/padod/spark-session-operator/internal/controller/sparksessionpool_controller.go:565.40,576.16 3 4
github.com/padod/spark-session-operator/internal/controller/sparksessionpool_controller.go:576.16,578.3 1 0
github.com/padod/spark-session-operator/internal/controller/sparksessionpool_controller.go:580.2,580.24 1 4
github.com/padod/spark-session-operator/internal/controller/sparksessionpool_controller.go:586.36,591.16 2 3
github.com/padod/spark-session-operator/internal/controller/sparksessionpool_controller.go:591.16,593.3 1 0
github.com/padod/spark-session-operator/internal/controller/sparksessionpool_controller.go:595.2,597.44 3 3
github.com/padod/spark-session-operator/internal/controller/sparksessionpool_controller.go:597.44,598.31 1 0
github.com/padod/spark-session-operator/internal/controller/sparksessionpool_controller.go:599.73,600.45 1 0
github.com/padod/spark-session-operator/internal/controller/sparksessionpool_controller.go:601.46,603.45 1 0
github.com/padod/spark-session-operator/internal/controller/sparksessionpool_controller.go:603.45,605.5 1 0
github.com/padod/spark-session-operator/internal/controller/sparksessionpool_controller.go:608.2,608.37 1 3
github.com/padod/spark-session-operator/internal/controller/sparksessionpool_controller.go:616.38,619.27 2 3
github.com/padod/spark-session-operator/internal/controller/sparksessionpool_controller.go:619.27,628.21 5 0
github.com/padod/spark-session-operator/internal/controller/sparksessionpool_controller.go:629.18,631.26 2 0
github.com/padod/spark-session-operator/internal/controller/sparksessionpool_controller.go:631.26,633.5 1 0
github.com/padod/spark-session-operator/internal/controller/sparksessionpool_controller.go:633.10,635.5 1 0
github.com/padod/spark-session-operator/internal/controller/sparksessionpool_controller.go:639.4,640.24 2 0
github.com/padod/spark-session-operator/internal/controller/sparksessionpool_controller.go:640.24,645.19 2 0
github.com/padod/spark-session-operator/internal/controller/sparksessionpool_controller.go:645.19,646.40 1 0
github.com/padod/spark-session-operator/internal/controller/sparksessionpool_controller.go:646.40,647.53 1 0
github.com/padod/spark-session-operator/internal/controller/sparksessionpool_controller.go:647.53,649.13 2 0
github.com/padod/spark-session-operator/internal/controller/sparksessionpool_controller.go:654.28,655.45 1 0
github.com/padod/spark-session-operator/internal/controller/sparksessionpool_controller.go:656.20,657.45 1 0
github.com/padod/spark-session-operator/internal/controller/sparksessionpool_controller.go:658.41,659.46 1 0
github.com/padod/spark-session-operator/internal/controller/sparksessionpool_controller.go:662.3,668.5 1 0
github.com/padod/spark-session-operator/internal/controller/sparksessionpool_controller.go:671.2,671.17 1 3
github.com/padod/spark-session-operator/internal/controller/sparksessionpool_controller.go:674.112,684.2 5 0
github.com/padod/spark-session-operator/internal/controller/sparksessionpool_controller.go:689.24,691.59 2 1
github.com/padod/spark-session-operator/internal/controller/sparksessionpool_controller.go:691.59,693.17 2 1
github.com/padod/spark-session-operator/internal/controller/sparksessionpool_controller.go:693.17,695.4 1 0
github.com/padod/spark-session-operator/internal/controller/sparksessionpool_controller.go:696.3,696.28 1 1
github.com/padod/spark-session-operator/internal/controller/sparksessionpool_controller.go:696.28,698.73 2 0
github.com/padod/spark-session-operator/internal/controller/sparksessionpool_controller.go:698.73,700.5 1 0
github.com/padod/spark-session-operator/internal/controller/sparksessionpool_controller.go:707.3,707.65 1 1
github.com/padod/spark-session-operator/internal/controller/sparksessionpool_controller.go:707.65,709.4 1 0
github.com/padod/spark-session-operator/internal/controller/sparksessionpool_controller.go:712.3,712.56 1 1
github.com/padod/spark-session-operator/internal/controller/sparksessionpool_controller.go:712.56,714.4 1 0
github.com/padod/spark-session-operator/internal/controller/sparksessionpool_controller.go:716.3,718.51 3 1
github.com/padod/spark-session-operator/internal/controller/sparksessionpool_controller.go:718.51,720.4 1 0
github.com/padod/spark-session-operator/internal/controller/sparksessionpool_controller.go:722.2,722.27 1 1
github.com/padod/spark-session-operator/internal/controller/sparksessionpool_controller.go:731.9,737.16 3 2
github.com/padod/spark-session-operator/internal/controller/sparksessionpool_controller.go:737.16,739.3 1 0
github.com/padod/spark-session-operator/internal/controller/sparksessionpool_controller.go:740.2,741.28 2 2
github.com/padod/spark-session-operator/internal/controller/sparksessionpool_controller.go:741.28,743.25 2 2
github.com/padod/spark-session-operator/internal/controller/sparksessionpool_controller.go:744.118,745.12 1 1
github.com/padod/spark-session-operator/internal/controller/sparksessionpool_controller.go:747.3,755.51 4 1
github.com/padod/spark-session-operator/internal/controller/sparksessionpool_controller.go:755.51,757.4 1 0
github.com/padod/spark-session-operator/internal/controller/sparksessionpool_controller.go:759.2,759.38 1 2
github.com/padod/spark-session-operator/internal/controller/sparksessionpool_controller.go:766.9,769.28 3 1
github.com/padod/spark-session-operator/internal/controller/sparksessionpool_controller.go:769.28,771.3 1 1
github.com/padod/spark-session-operator/internal/controller/sparksessionpool_controller.go:773.2,774.24 2 1
github.com/padod/spark-session-operator/internal/controller/sparksessionpool_controller.go:775.37,776.22 1 1
github.com/padod/spark-session-operator/internal/controller/sparksessionpool_controller.go:777.36,778.21 1 0
github.com/padod/spark-session-operator/internal/controller/sparksessionpool_controller.go:779.10,780.13 1 0
github.com/padod/spark-session-operator/internal/controller/sparksessionpool_controller.go:783.2,785.49 3 1
github.com/padod/spark-session-operator/internal/controller/sparksessionpool_controller.go:785.49,786.29 1 0
github.com/padod/spark-session-operator/internal/controller/sparksessionpool_controller.go:786.29,788.4 1 0
github.com/padod/spark-session-operator/internal/controller/sparksessionpool_controller.go:789.3,789.13 1 0
github.com/padod/spark-session-operator/internal/controller/sparksessionpool_controller.go:792.2,793.31 2 1
github.com/padod/spark-session-operator/internal/controller/sparksessionpool_controller.go:800.9,807.24 6 3
github.com/padod/spark-session-operator/internal/controller/sparksessionpool_controller.go:808.37,820.77 7 3
github.com/padod/spark-session-operator/internal/controller/sparksessionpool_controller.go:821.36,827.78 6 0
github.com/padod/spark-session-operator/internal/controller/sparksessionpool_controller.go:828.10,829.13 1 0
github.com/padod/spark-session-operator/internal/controller/sparksessionpool_controller.go:833.2,834.28 2 3
github.com/padod/spark-session-operator/internal/controller/sparksessionpool_controller.go:834.28,836.3 1 3
github.com/padod/spark-session-operator/internal/controller/sparksessionpool_controller.go:838.2,887.28 10 3
github.com/padod/spark-session-operator/internal/controller/sparksessionpool_controller.go:887.28,889.60 2 1
github.com/padod/spark-session-operator/internal/controller/sparksessionpool_controller.go:889.60,896.42 1 0
github.com/padod/spark-session-operator/internal/controller/sparksessionpool_controller.go:896.42,898.5 1 0
github.com/padod/spark-session-operator/internal/controller/sparksessionpool_controller.go:899.4,899.52 1 0
github.com/padod/spark-session-operator/internal/controller/sparksessionpool_controller.go:899.52,901.5 1 0
github.com/padod/spark-session-operator/internal/controller/sparksessionpool_controller.go:902.9,904.4 1 1
github.com/padod/spark-session-operator/internal/controller/sparksessionpool_controller.go:905.8,905.23 1 2
github.com/padod/spark-session-operator/internal/controller/sparksessionpool_controller.go:905.23,907.3 1 0
github.com/padod/spark-session-operator/internal/controller/sparksessionpool_controller.go:912.2,914.61 1 2
github.com/padod/spark-session-operator/internal/controller/sparksessionpool_controller.go:914.61,916.3 1 2
github.com/padod/spark-session-operator/internal/controller/sparksessionpool_controller.go:918.2,920.28 2 0
github.com/padod/spark-session-operator/internal/controller/sparksessionpool_controller.go:920.28,922.3 1 0
github.com/padod/spark-session-operator/internal/controller/sparksessionpool_controller.go:923.2,924.33 2 0
github.com/padod/spark-session-operator/internal/controller/sparksessionpool_controller.go:924.33,926.3 1 0
github.com/padod/spark-session-operator/internal/controller/sparksessionpool_controller.go:927.2,929.32 3 0
github.com/padod/spark-session-operator/internal/controller/sparksessionpool_controller.go:933.79,939.36 1 1
github.com/padod/spark-session-operator/internal/controller/sparksessionpool_controller.go:939.36,942.4 2 7
github.com/padod/spark-session-operator/internal/controller/sparksessionpool_controller.go:943.16,945.3 1 0
github.com/padod/spark-session-operator/internal/controller/sparksessionpool_controller.go:947.2,950.14 1 1
github.com/padod/spark-session-operator/internal/controller/sparksessionpool_controller.go:961.9,964.73 3 1
github.com/padod/spark-session-operator/internal/controller/sparksessionpool_controller.go:964.73,966.3 1 0
github.com/padod/spark-session-operator/internal/controller/sparksessionpool_controller.go:967.2,968.28 2 1
github.com/padod/spark-session-operator/internal/controller/sparksessionpool_controller.go:968.28,970.48 2 3
github.com/padod/spark-session-operator/internal/controller/sparksessionpool_controller.go:970.48,971.12 1 1
github.com/padod/spark-session-operator/internal/controller/sparksessionpool_controller.go:973.3,973.25 1 2
github.com/padod/spark-session-operator/internal/controller/sparksessionpool_controller.go:974.118,975.12 1 1
github.com/padod/spark-session-operator/internal/controller/sparksessionpool_controller.go:977.3,986.51 4 1
github.com/padod/spark-session-operator/internal/controller/sparksessionpool_controller.go:986.51,988.4 1 0
github.com/padod/spark-session-operator/internal/controller/sparksessionpool_controller.go:990.2,990.38 1 1
github.com/padod/spark-session-operator/internal/controller/sparksessionpool_controller.go:994.60,995.27 1 4
github.com/padod/spark-session-operator/internal/controller/sparksessionpool_controller.go:995.27,996.21 1 18
github.com/padod/spark-session-operator/internal/controller/sparksessionpool_controller.go:996.21,998.4 1 0
github.com/padod/spark-session-operator/internal/controller/sparksessionpool_controller.go:1000.2,1000.13 1 4
